<?xml version="1.0" encoding="UTF-8"?>
<TestRun id="d4783b06-67c2-4191-b70e-9b4447054d43" name="admin@OKEEMAN 2012-11-28 19:14:31" runUser="okeeman\admin" xmlns="http://microsoft.com/schemas/VisualStudio/TeamTest/2010">
  <TestSettings name="Local" id="af77a27a-7320-49d3-8ccd-a1b214ac323c">
    <Description>These are default test settings for a local test run.</Description>
    <Deployment enabled="false" runDeploymentRoot="admin_OKEEMAN 2012-11-28 19_14_31">
      <DeploymentItem filename="F:\Semester 2\EAD\Mini-project\HouseConditionWebService\WCFServiceWebRole1\bin\WCFServiceWebRole1.dll" />
    </Deployment>
    <Execution>
      <TestTypeSpecific />
      <AgentRule name="Execution Agents">
      </AgentRule>
    </Execution>
  </TestSettings>
  <Times creation="2012-11-28T19:14:31.8482105+00:00" queuing="2012-11-28T19:14:31.9106106+00:00" start="2012-11-28T19:14:31.9262106+00:00" finish="2012-11-28T19:14:32.8466123+00:00" />
  <ResultSummary outcome="Completed">
    <Counters total="1" executed="1" passed="1" error="0" failed="0" timeout="0" aborted="0" inconclusive="0" passedButRunAborted="0" notRunnable="0" notExecuted="0" disconnected="0" warning="0" completed="0" inProgress="0" pending="0" />
  </ResultSummary>
  <TestDefinitions>
    <UnitTest name="TestGetTotalCosts" storage="f:\semester 2\ead\mini-project\houseconditionwebservice\servicetests\bin\debug\servicetests.dll" id="fe5c54ca-1231-9c32-3914-1e8bec201fe7">
      <Execution id="4756639b-3bbc-44cb-a1f1-5b96d2e1ffc2" />
      <TestMethod codeBase="F:/Semester 2/EAD/Mini-project/HouseConditionWebService/ServiceTests/bin/Debug/ServiceTests.DLL" adapterTypeName="Microsoft.VisualStudio.TestTools.TestTypes.Unit.UnitTestAdapter, Microsoft.VisualStudio.QualityTools.Tips.UnitTest.Adapter, Version=10.0.0.0, Culture=neutral, PublicKeyToken=b03f5f7f11d50a3a" className="ServiceTests.ServiceIntegrationTest, ServiceTests, Version=1.0.0.0, Culture=neutral, PublicKeyToken=null" name="TestGetTotalCosts" />
    </UnitTest>
  </TestDefinitions>
  <TestLists>
    <TestList name="Results Not in a List" id="8c84fa94-04c1-424b-9868-57a2d4851a1d" />
    <TestList name="All Loaded Results" id="19431567-8539-422a-85d7-44ee4e166bda" />
  </TestLists>
  <TestEntries>
    <TestEntry testId="fe5c54ca-1231-9c32-3914-1e8bec201fe7" executionId="4756639b-3bbc-44cb-a1f1-5b96d2e1ffc2" testListId="8c84fa94-04c1-424b-9868-57a2d4851a1d" />
  </TestEntries>
  <Results>
    <UnitTestResult executionId="4756639b-3bbc-44cb-a1f1-5b96d2e1ffc2" testId="fe5c54ca-1231-9c32-3914-1e8bec201fe7" testName="TestGetTotalCosts" computerName="OKEEMAN" duration="00:00:00.5213231" startTime="2012-11-28T19:14:31.9574107+00:00" endTime="2012-11-28T19:14:32.6594119+00:00" testType="13cdc9d9-ddb5-4fa4-a97d-d965ccfc6d4b" outcome="Passed" testListId="8c84fa94-04c1-424b-9868-57a2d4851a1d" relativeResultsDirectory="4756639b-3bbc-44cb-a1f1-5b96d2e1ffc2">
    </UnitTestResult>
  </Results>
</TestRun>