<?xml version="1.0" encoding="UTF-8"?>
<TestRun id="bf905146-2f1a-4db9-9d50-1f3dc40544a1" name="admin@OKEEMAN 2012-11-28 16:50:03" runUser="okeeman\admin" xmlns="http://microsoft.com/schemas/VisualStudio/TeamTest/2010">
  <TestSettings name="Local" id="af77a27a-7320-49d3-8ccd-a1b214ac323c">
    <Description>These are default test settings for a local test run.</Description>
    <Deployment enabled="false" runDeploymentRoot="admin_OKEEMAN 2012-11-28 16_50_03">
      <DeploymentItem filename="F:\Semester 2\EAD\Mini-project\HouseConditionWebService\WCFServiceWebRole1\bin\WCFServiceWebRole1.dll" />
    </Deployment>
    <Execution>
      <TestTypeSpecific />
      <AgentRule name="Execution Agents">
      </AgentRule>
    </Execution>
  </TestSettings>
  <Times creation="2012-11-28T16:50:03.6859523+00:00" queuing="2012-11-28T16:50:05.9169644+00:00" start="2012-11-28T16:50:06.0469646+00:00" finish="2012-11-28T16:50:07.5169667+00:00" />
  <ResultSummary outcome="Failed">
    <Counters total="1" executed="1" error="0" failed="1" timeout="0" aborted="0" inconclusive="0" passedButRunAborted="0" notRunnable="0" notExecuted="0" disconnected="0" warning="0" passed="0" completed="0" inProgress="0" pending="0" />
  </ResultSummary>
  <TestDefinitions>
    <UnitTest name="TestGetTotalCosts" storage="f:\semester 2\ead\mini-project\houseconditionwebservice\webservicetests\bin\debug\webservicetests.dll" id="bdc77660-483b-806b-970f-4fb669b41043">
      <Execution id="e0cab7de-66d9-43a2-a38a-97dd00bc5e83" />
      <TestMethod codeBase="F:/Semester 2/EAD/Mini-project/HouseConditionWebService/WebServiceTests/bin/Debug/WebServiceTests.DLL" adapterTypeName="Microsoft.VisualStudio.TestTools.TestTypes.Unit.UnitTestAdapter, Microsoft.VisualStudio.QualityTools.Tips.UnitTest.Adapter, Version=10.0.0.0, Culture=neutral, PublicKeyToken=b03f5f7f11d50a3a" className="WebServiceTests.WebServiceIntegrationTest, WebServiceTests, Version=1.0.0.0, Culture=neutral, PublicKeyToken=null" name="TestGetTotalCosts" />
    </UnitTest>
  </TestDefinitions>
  <TestLists>
    <TestList name="Results Not in a List" id="8c84fa94-04c1-424b-9868-57a2d4851a1d" />
    <TestList name="All Loaded Results" id="19431567-8539-422a-85d7-44ee4e166bda" />
  </TestLists>
  <TestEntries>
    <TestEntry testId="bdc77660-483b-806b-970f-4fb669b41043" executionId="e0cab7de-66d9-43a2-a38a-97dd00bc5e83" testListId="8c84fa94-04c1-424b-9868-57a2d4851a1d" />
  </TestEntries>
  <Results>
    <UnitTestResult executionId="e0cab7de-66d9-43a2-a38a-97dd00bc5e83" testId="bdc77660-483b-806b-970f-4fb669b41043" testName="TestGetTotalCosts" computerName="OKEEMAN" duration="00:00:00.3566787" startTime="2012-11-28T16:50:06.5169653+00:00" endTime="2012-11-28T16:50:07.3469664+00:00" testType="13cdc9d9-ddb5-4fa4-a97d-d965ccfc6d4b" outcome="Failed" testListId="8c84fa94-04c1-424b-9868-57a2d4851a1d" relativeResultsDirectory="e0cab7de-66d9-43a2-a38a-97dd00bc5e83">
      <Output>
        <ErrorInfo>
          <Message>Test method WebServiceTests.WebServiceIntegrationTest.TestGetTotalCosts threw exception: 
System.ArgumentException: The specified named connection is either not found in the configuration, not intended to be used with the EntityClient provider, or not valid.</Message>
          <StackTrace>    at System.Data.EntityClient.EntityConnection.ChangeConnectionString(String newConnectionString)
   at System.Data.EntityClient.EntityConnection..ctor(String connectionString)
   at System.Data.Objects.ObjectContext.CreateEntityConnection(String connectionString)
   at System.Data.Objects.ObjectContext..ctor(String connectionString)
   at System.Data.Objects.ObjectContext..ctor(String connectionString, String defaultContainerName)
   at WCFServiceWebRole1.Model.HouseConditionEntities..ctor() in F:\Semester 2\EAD\Mini-project\HouseConditionWebService\WCFServiceWebRole1\Model\HouseConditionModel.Designer.cs:line 34
   at WCFServiceWebRole1.HouseCondition.GetTotalCosts() in F:\Semester 2\EAD\Mini-project\HouseConditionWebService\WCFServiceWebRole1\HouseCondition.svc.cs:line 22
   at WebServiceTests.WebServiceIntegrationTest.TestGetTotalCosts() in F:\Semester 2\EAD\Mini-project\HouseConditionWebService\WebServiceTests\WebServiceIntegrationTest.cs:line 21
</StackTrace>
        </ErrorInfo>
      </Output>
    </UnitTestResult>
  </Results>
</TestRun>