<?xml version="1.0" encoding="UTF-8"?>
<TestRun id="2f6ebc94-aaf9-434a-85ca-ba291d7ac6d7" name="admin@OKEEMAN 2012-11-28 19:12:01" runUser="okeeman\admin" xmlns="http://microsoft.com/schemas/VisualStudio/TeamTest/2010">
  <TestSettings name="Local" id="af77a27a-7320-49d3-8ccd-a1b214ac323c">
    <Description>These are default test settings for a local test run.</Description>
    <Deployment enabled="false" runDeploymentRoot="admin_OKEEMAN 2012-11-28 19_12_01">
      <DeploymentItem filename="F:\Semester 2\EAD\Mini-project\HouseConditionWebService\WCFServiceWebRole1\bin\WCFServiceWebRole1.dll" />
    </Deployment>
    <Execution>
      <TestTypeSpecific />
      <AgentRule name="Execution Agents">
      </AgentRule>
    </Execution>
  </TestSettings>
  <Times creation="2012-11-28T19:12:01.1844290+00:00" queuing="2012-11-28T19:12:01.2514328+00:00" start="2012-11-28T19:12:01.2674337+00:00" finish="2012-11-28T19:12:01.9344719+00:00" />
  <ResultSummary outcome="Error">
    <Counters total="1" executed="1" error="1" failed="0" timeout="0" aborted="0" inconclusive="0" passedButRunAborted="0" notRunnable="0" notExecuted="0" disconnected="0" warning="0" passed="0" completed="0" inProgress="0" pending="0" />
  </ResultSummary>
  <TestDefinitions>
    <UnitTest name="TestGetTotalCosts" storage="f:\semester 2\ead\mini-project\houseconditionwebservice\servicetests\bin\debug\servicetests.dll" id="fe5c54ca-1231-9c32-3914-1e8bec201fe7">
      <Execution id="62810f24-1a34-46be-9b5f-d9c9bea1cd38" />
      <TestMethod codeBase="F:/Semester 2/EAD/Mini-project/HouseConditionWebService/ServiceTests/bin/Debug/ServiceTests.DLL" adapterTypeName="Microsoft.VisualStudio.TestTools.TestTypes.Unit.UnitTestAdapter, Microsoft.VisualStudio.QualityTools.Tips.UnitTest.Adapter, Version=10.0.0.0, Culture=neutral, PublicKeyToken=b03f5f7f11d50a3a" className="ServiceTests.ServiceIntegrationTest, ServiceTests, Version=1.0.0.0, Culture=neutral, PublicKeyToken=null" name="TestGetTotalCosts" />
    </UnitTest>
  </TestDefinitions>
  <TestLists>
    <TestList name="Results Not in a List" id="8c84fa94-04c1-424b-9868-57a2d4851a1d" />
    <TestList name="All Loaded Results" id="19431567-8539-422a-85d7-44ee4e166bda" />
  </TestLists>
  <TestEntries>
    <TestEntry testId="fe5c54ca-1231-9c32-3914-1e8bec201fe7" executionId="62810f24-1a34-46be-9b5f-d9c9bea1cd38" testListId="8c84fa94-04c1-424b-9868-57a2d4851a1d" />
  </TestEntries>
  <Results>
    <UnitTestResult executionId="62810f24-1a34-46be-9b5f-d9c9bea1cd38" testId="fe5c54ca-1231-9c32-3914-1e8bec201fe7" testName="TestGetTotalCosts" computerName="OKEEMAN" startTime="2012-11-28T19:12:01.2924351+00:00" endTime="2012-11-28T19:12:01.6914580+00:00" testType="13cdc9d9-ddb5-4fa4-a97d-d965ccfc6d4b" testListId="8c84fa94-04c1-424b-9868-57a2d4851a1d" relativeResultsDirectory="62810f24-1a34-46be-9b5f-d9c9bea1cd38">
      <Output>
        <ErrorInfo>
          <Message>Unit Test Adapter threw exception: 
The type initializer for 'Microsoft.VisualStudio.TestTools.Diagnostics.EqtTrace' threw an exception.
Configuration system failed to initialize
Unrecognized configuration section add. (F:\Semester 2\EAD\Mini-project\HouseConditionWebService\ServiceTests\bin\Debug\ServiceTests.DLL.config line 4).</Message>
        </ErrorInfo>
      </Output>
    </UnitTestResult>
  </Results>
</TestRun>