<?xml version="1.0" encoding="UTF-8"?>
<TestRun id="64e0785d-d8c6-4f2d-abfe-83183c2b553a" name="admin@OKEEMAN 2012-11-19 19:41:43" runUser="okeeman\admin" xmlns="http://microsoft.com/schemas/VisualStudio/TeamTest/2010">
  <TestSettings name="Default Test Settings" id="5967db7b-11fb-407a-a70a-92bed630e6c3">
    <Deployment runDeploymentRoot="admin_OKEEMAN 2012-11-19 19_41_43">
      <DeploymentItem filename="F:\Semester 2\EAD\Mini-project\HousingConditionWebAppOriginal\packages\NUnit.2.6.2\lib\nunit.framework.dll" />
      <DeploymentItem filename="F:\Semester 2\EAD\Mini-project\HousingConditionWebAppOriginal\HousingConditionWebApp\bin\HousingConditionWebApp.dll" />
    </Deployment>
    <Execution>
      <TestTypeSpecific />
      <AgentRule name="Execution Agents">
      </AgentRule>
    </Execution>
  </TestSettings>
  <Times creation="2012-11-19T19:41:43.3470469+00:00" queuing="2012-11-19T19:41:44.5368518+00:00" start="2012-11-19T19:41:44.5524518+00:00" finish="2012-11-19T19:41:49.2324601+00:00" />
  <ResultSummary outcome="Failed">
    <Counters total="16" executed="16" passed="15" error="0" failed="1" timeout="0" aborted="0" inconclusive="0" passedButRunAborted="0" notRunnable="0" notExecuted="0" disconnected="0" warning="0" completed="0" inProgress="0" pending="0" />
  </ResultSummary>
  <TestDefinitions>
    <UnitTest name="TestDetailsView" storage="f:\semester 2\ead\mini-project\housingconditionwebapporiginal\housingconditionwebapp.tests\bin\debug\housingconditionwebapp.tests.dll" id="a2e1f985-ee7b-62a3-f3cc-ef0dbe1784d2">
      <Execution id="4811d5dc-9a84-4bd0-9ff7-617200f4d85c" />
      <TestMethod codeBase="F:/Semester 2/EAD/Mini-project/HousingConditionWebAppOriginal/HousingConditionWebApp.Tests/bin/Debug/HousingConditionWebApp.Tests.DLL" adapterTypeName="Microsoft.VisualStudio.TestTools.TestTypes.Unit.UnitTestAdapter, Microsoft.VisualStudio.QualityTools.Tips.UnitTest.Adapter, Version=10.0.0.0, Culture=neutral, PublicKeyToken=b03f5f7f11d50a3a" className="HousingConditionWebApp.Tests.Controllers.HouseConditionControllerTest, HousingConditionWebApp.Tests, Version=1.0.0.0, Culture=neutral, PublicKeyToken=null" name="TestDetailsView" />
    </UnitTest>
    <UnitTest name="TestEditRedisplayEditViewIfModelInvalid" storage="f:\semester 2\ead\mini-project\housingconditionwebapporiginal\housingconditionwebapp.tests\bin\debug\housingconditionwebapp.tests.dll" id="6f4b9289-b961-f3df-632b-c7142d970fe0">
      <Execution id="a4546c79-3968-41b3-9e54-52549dfb93a5" />
      <TestMethod codeBase="F:/Semester 2/EAD/Mini-project/HousingConditionWebAppOriginal/HousingConditionWebApp.Tests/bin/Debug/HousingConditionWebApp.Tests.DLL" adapterTypeName="Microsoft.VisualStudio.TestTools.TestTypes.Unit.UnitTestAdapter, Microsoft.VisualStudio.QualityTools.Tips.UnitTest.Adapter, Version=10.0.0.0, Culture=neutral, PublicKeyToken=b03f5f7f11d50a3a" className="HousingConditionWebApp.Tests.Controllers.HouseConditionControllerTest, HousingConditionWebApp.Tests, Version=1.0.0.0, Culture=neutral, PublicKeyToken=null" name="TestEditRedisplayEditViewIfModelInvalid" />
    </UnitTest>
    <UnitTest name="TestCreateView" storage="f:\semester 2\ead\mini-project\housingconditionwebapporiginal\housingconditionwebapp.tests\bin\debug\housingconditionwebapp.tests.dll" id="59053fe6-ee91-4748-f8f7-5e580b606234">
      <Execution id="03c2f195-a32b-4a28-8024-20507f095b0c" />
      <TestMethod codeBase="F:/Semester 2/EAD/Mini-project/HousingConditionWebAppOriginal/HousingConditionWebApp.Tests/bin/Debug/HousingConditionWebApp.Tests.DLL" adapterTypeName="Microsoft.VisualStudio.TestTools.TestTypes.Unit.UnitTestAdapter, Microsoft.VisualStudio.QualityTools.Tips.UnitTest.Adapter, Version=10.0.0.0, Culture=neutral, PublicKeyToken=b03f5f7f11d50a3a" className="HousingConditionWebApp.Tests.Controllers.HouseConditionControllerTest, HousingConditionWebApp.Tests, Version=1.0.0.0, Culture=neutral, PublicKeyToken=null" name="TestCreateView" />
    </UnitTest>
    <UnitTest name="TestCreateActionHouseNotAddedToDatabaseIfModelInvalid" storage="f:\semester 2\ead\mini-project\housingconditionwebapporiginal\housingconditionwebapp.tests\bin\debug\housingconditionwebapp.tests.dll" id="a9fffc86-8deb-708f-6d21-7cb2501c155e">
      <Execution id="e86edb19-54b3-4a1c-9219-33842b44f33e" />
      <TestMethod codeBase="F:/Semester 2/EAD/Mini-project/HousingConditionWebAppOriginal/HousingConditionWebApp.Tests/bin/Debug/HousingConditionWebApp.Tests.DLL" adapterTypeName="Microsoft.VisualStudio.TestTools.TestTypes.Unit.UnitTestAdapter, Microsoft.VisualStudio.QualityTools.Tips.UnitTest.Adapter, Version=10.0.0.0, Culture=neutral, PublicKeyToken=b03f5f7f11d50a3a" className="HousingConditionWebApp.Tests.Controllers.HouseConditionControllerTest, HousingConditionWebApp.Tests, Version=1.0.0.0, Culture=neutral, PublicKeyToken=null" name="TestCreateActionHouseNotAddedToDatabaseIfModelInvalid" />
    </UnitTest>
    <UnitTest name="TestEditView" storage="f:\semester 2\ead\mini-project\housingconditionwebapporiginal\housingconditionwebapp.tests\bin\debug\housingconditionwebapp.tests.dll" id="4f22d8f3-9ae8-caf6-302a-2c751b24c352">
      <Execution id="3ea026c6-2f59-4a6e-884b-ee5c6c2d8b2a" />
      <TestMethod codeBase="F:/Semester 2/EAD/Mini-project/HousingConditionWebAppOriginal/HousingConditionWebApp.Tests/bin/Debug/HousingConditionWebApp.Tests.DLL" adapterTypeName="Microsoft.VisualStudio.TestTools.TestTypes.Unit.UnitTestAdapter, Microsoft.VisualStudio.QualityTools.Tips.UnitTest.Adapter, Version=10.0.0.0, Culture=neutral, PublicKeyToken=b03f5f7f11d50a3a" className="HousingConditionWebApp.Tests.Controllers.HouseConditionControllerTest, HousingConditionWebApp.Tests, Version=1.0.0.0, Culture=neutral, PublicKeyToken=null" name="TestEditView" />
    </UnitTest>
    <UnitTest name="TestCreateRedisplayCreateViewIfModelInvalid" storage="f:\semester 2\ead\mini-project\housingconditionwebapporiginal\housingconditionwebapp.tests\bin\debug\housingconditionwebapp.tests.dll" id="0f023dbc-191e-2b4e-f184-004d0c8f416a">
      <Execution id="81f732fc-93ab-4c39-b6c5-36e7b85b45a6" />
      <TestMethod codeBase="F:/Semester 2/EAD/Mini-project/HousingConditionWebAppOriginal/HousingConditionWebApp.Tests/bin/Debug/HousingConditionWebApp.Tests.DLL" adapterTypeName="Microsoft.VisualStudio.TestTools.TestTypes.Unit.UnitTestAdapter, Microsoft.VisualStudio.QualityTools.Tips.UnitTest.Adapter, Version=10.0.0.0, Culture=neutral, PublicKeyToken=b03f5f7f11d50a3a" className="HousingConditionWebApp.Tests.Controllers.HouseConditionControllerTest, HousingConditionWebApp.Tests, Version=1.0.0.0, Culture=neutral, PublicKeyToken=null" name="TestCreateRedisplayCreateViewIfModelInvalid" />
    </UnitTest>
    <UnitTest name="TestHomeIndexRedirect" storage="f:\semester 2\ead\mini-project\housingconditionwebapporiginal\housingconditionwebapp.tests\bin\debug\housingconditionwebapp.tests.dll" id="6ac90b8b-5a1c-5977-5e3e-af31b3ed8b8d">
      <Execution id="b0fc9811-2888-4ae4-a517-fbf894d88d9d" />
      <TestMethod codeBase="F:/Semester 2/EAD/Mini-project/HousingConditionWebAppOriginal/HousingConditionWebApp.Tests/bin/Debug/HousingConditionWebApp.Tests.DLL" adapterTypeName="Microsoft.VisualStudio.TestTools.TestTypes.Unit.UnitTestAdapter, Microsoft.VisualStudio.QualityTools.Tips.UnitTest.Adapter, Version=10.0.0.0, Culture=neutral, PublicKeyToken=b03f5f7f11d50a3a" className="HousingConditionWebApp.Tests.Controllers.HomeControllerTest, HousingConditionWebApp.Tests, Version=1.0.0.0, Culture=neutral, PublicKeyToken=null" name="TestHomeIndexRedirect" />
    </UnitTest>
    <UnitTest name="TestAboutView" storage="f:\semester 2\ead\mini-project\housingconditionwebapporiginal\housingconditionwebapp.tests\bin\debug\housingconditionwebapp.tests.dll" id="6e57bb0f-febe-1788-0ae6-4de9335f39e5">
      <Execution id="a316bad9-c696-41c5-ac36-ce2ca2fa2ead" />
      <TestMethod codeBase="F:/Semester 2/EAD/Mini-project/HousingConditionWebAppOriginal/HousingConditionWebApp.Tests/bin/Debug/HousingConditionWebApp.Tests.DLL" adapterTypeName="Microsoft.VisualStudio.TestTools.TestTypes.Unit.UnitTestAdapter, Microsoft.VisualStudio.QualityTools.Tips.UnitTest.Adapter, Version=10.0.0.0, Culture=neutral, PublicKeyToken=b03f5f7f11d50a3a" className="HousingConditionWebApp.Tests.Controllers.HomeControllerTest, HousingConditionWebApp.Tests, Version=1.0.0.0, Culture=neutral, PublicKeyToken=null" name="TestAboutView" />
    </UnitTest>
    <UnitTest name="TestDeleteConfirmedRedirectsToIndexAction" storage="f:\semester 2\ead\mini-project\housingconditionwebapporiginal\housingconditionwebapp.tests\bin\debug\housingconditionwebapp.tests.dll" id="e7bd7dfd-443e-eafe-3b6b-7b1cfd349f18">
      <Execution id="fe4082f0-b09d-4d53-8d8c-17e12e8130da" />
      <TestMethod codeBase="F:/Semester 2/EAD/Mini-project/HousingConditionWebAppOriginal/HousingConditionWebApp.Tests/bin/Debug/HousingConditionWebApp.Tests.DLL" adapterTypeName="Microsoft.VisualStudio.TestTools.TestTypes.Unit.UnitTestAdapter, Microsoft.VisualStudio.QualityTools.Tips.UnitTest.Adapter, Version=10.0.0.0, Culture=neutral, PublicKeyToken=b03f5f7f11d50a3a" className="HousingConditionWebApp.Tests.Controllers.HouseConditionControllerTest, HousingConditionWebApp.Tests, Version=1.0.0.0, Culture=neutral, PublicKeyToken=null" name="TestDeleteConfirmedRedirectsToIndexAction" />
    </UnitTest>
    <UnitTest name="TestIndexView" storage="f:\semester 2\ead\mini-project\housingconditionwebapporiginal\housingconditionwebapp.tests\bin\debug\housingconditionwebapp.tests.dll" id="d65ef4b2-e6fd-57c2-fa57-80d264122521">
      <Execution id="1ac62372-ba9a-4b4c-b8d3-243511886411" />
      <TestMethod codeBase="F:/Semester 2/EAD/Mini-project/HousingConditionWebAppOriginal/HousingConditionWebApp.Tests/bin/Debug/HousingConditionWebApp.Tests.DLL" adapterTypeName="Microsoft.VisualStudio.TestTools.TestTypes.Unit.UnitTestAdapter, Microsoft.VisualStudio.QualityTools.Tips.UnitTest.Adapter, Version=10.0.0.0, Culture=neutral, PublicKeyToken=b03f5f7f11d50a3a" className="HousingConditionWebApp.Tests.Controllers.HouseConditionControllerTest, HousingConditionWebApp.Tests, Version=1.0.0.0, Culture=neutral, PublicKeyToken=null" name="TestIndexView" />
    </UnitTest>
    <UnitTest name="TestDetailsReturnCorrectData" storage="f:\semester 2\ead\mini-project\housingconditionwebapporiginal\housingconditionwebapp.tests\bin\debug\housingconditionwebapp.tests.dll" id="29ff4163-9aba-8c1f-cbe0-66828d2fa1e6">
      <Execution id="edf9c7e6-9ceb-4cad-a961-3f4331413860" />
      <TestMethod codeBase="F:/Semester 2/EAD/Mini-project/HousingConditionWebAppOriginal/HousingConditionWebApp.Tests/bin/Debug/HousingConditionWebApp.Tests.DLL" adapterTypeName="Microsoft.VisualStudio.TestTools.TestTypes.Unit.UnitTestAdapter, Microsoft.VisualStudio.QualityTools.Tips.UnitTest.Adapter, Version=10.0.0.0, Culture=neutral, PublicKeyToken=b03f5f7f11d50a3a" className="HousingConditionWebApp.Tests.Controllers.HouseConditionControllerTest, HousingConditionWebApp.Tests, Version=1.0.0.0, Culture=neutral, PublicKeyToken=null" name="TestDetailsReturnCorrectData" />
    </UnitTest>
    <UnitTest name="TestCreateRedirectIfModelValid" storage="f:\semester 2\ead\mini-project\housingconditionwebapporiginal\housingconditionwebapp.tests\bin\debug\housingconditionwebapp.tests.dll" id="74294699-f3ab-cc57-2013-31ff43e6ab0f">
      <Execution id="8d9e49af-577b-4b45-8379-f7a08b19d145" />
      <TestMethod codeBase="F:/Semester 2/EAD/Mini-project/HousingConditionWebAppOriginal/HousingConditionWebApp.Tests/bin/Debug/HousingConditionWebApp.Tests.DLL" adapterTypeName="Microsoft.VisualStudio.TestTools.TestTypes.Unit.UnitTestAdapter, Microsoft.VisualStudio.QualityTools.Tips.UnitTest.Adapter, Version=10.0.0.0, Culture=neutral, PublicKeyToken=b03f5f7f11d50a3a" className="HousingConditionWebApp.Tests.Controllers.HouseConditionControllerTest, HousingConditionWebApp.Tests, Version=1.0.0.0, Culture=neutral, PublicKeyToken=null" name="TestCreateRedirectIfModelValid" />
    </UnitTest>
    <UnitTest name="TestDeleteView" storage="f:\semester 2\ead\mini-project\housingconditionwebapporiginal\housingconditionwebapp.tests\bin\debug\housingconditionwebapp.tests.dll" id="46188ee2-ebed-9b53-beac-aaeecba5b414">
      <Execution id="d714de38-a5d3-4027-b7d9-10813651e850" />
      <TestMethod codeBase="F:/Semester 2/EAD/Mini-project/HousingConditionWebAppOriginal/HousingConditionWebApp.Tests/bin/Debug/HousingConditionWebApp.Tests.DLL" adapterTypeName="Microsoft.VisualStudio.TestTools.TestTypes.Unit.UnitTestAdapter, Microsoft.VisualStudio.QualityTools.Tips.UnitTest.Adapter, Version=10.0.0.0, Culture=neutral, PublicKeyToken=b03f5f7f11d50a3a" className="HousingConditionWebApp.Tests.Controllers.HouseConditionControllerTest, HousingConditionWebApp.Tests, Version=1.0.0.0, Culture=neutral, PublicKeyToken=null" name="TestDeleteView" />
    </UnitTest>
    <UnitTest name="HomeIndexNull" storage="f:\semester 2\ead\mini-project\housingconditionwebapporiginal\housingconditionwebapp.tests\bin\debug\housingconditionwebapp.tests.dll" id="c663d47e-ab1d-1ac9-6538-d71c98368635">
      <Execution id="0375bb75-b6b0-4cf3-8378-e6273d8b2698" />
      <TestMethod codeBase="F:/Semester 2/EAD/Mini-project/HousingConditionWebAppOriginal/HousingConditionWebApp.Tests/bin/Debug/HousingConditionWebApp.Tests.DLL" adapterTypeName="Microsoft.VisualStudio.TestTools.TestTypes.Unit.UnitTestAdapter, Microsoft.VisualStudio.QualityTools.Tips.UnitTest.Adapter, Version=10.0.0.0, Culture=neutral, PublicKeyToken=b03f5f7f11d50a3a" className="HousingConditionWebApp.Tests.Controllers.HomeControllerTest, HousingConditionWebApp.Tests, Version=1.0.0.0, Culture=neutral, PublicKeyToken=null" name="HomeIndexNull" />
    </UnitTest>
    <UnitTest name="TestEditRedirectIfModelValid" storage="f:\semester 2\ead\mini-project\housingconditionwebapporiginal\housingconditionwebapp.tests\bin\debug\housingconditionwebapp.tests.dll" id="93f87eff-5405-d627-3430-20853c8061e9">
      <Execution id="15bbb60b-e475-4728-abd1-2878d92e60b2" />
      <TestMethod codeBase="F:/Semester 2/EAD/Mini-project/HousingConditionWebAppOriginal/HousingConditionWebApp.Tests/bin/Debug/HousingConditionWebApp.Tests.DLL" adapterTypeName="Microsoft.VisualStudio.TestTools.TestTypes.Unit.UnitTestAdapter, Microsoft.VisualStudio.QualityTools.Tips.UnitTest.Adapter, Version=10.0.0.0, Culture=neutral, PublicKeyToken=b03f5f7f11d50a3a" className="HousingConditionWebApp.Tests.Controllers.HouseConditionControllerTest, HousingConditionWebApp.Tests, Version=1.0.0.0, Culture=neutral, PublicKeyToken=null" name="TestEditRedirectIfModelValid" />
    </UnitTest>
    <UnitTest name="TestDeleteConfirmedRemovesHouseFromDatabase" storage="f:\semester 2\ead\mini-project\housingconditionwebapporiginal\housingconditionwebapp.tests\bin\debug\housingconditionwebapp.tests.dll" id="c7ca3a05-26ba-c88b-236b-e8c9dee980e8">
      <Execution id="44c2a830-938f-4faf-9b1e-5c19b44863fa" />
      <TestMethod codeBase="F:/Semester 2/EAD/Mini-project/HousingConditionWebAppOriginal/HousingConditionWebApp.Tests/bin/Debug/HousingConditionWebApp.Tests.DLL" adapterTypeName="Microsoft.VisualStudio.TestTools.TestTypes.Unit.UnitTestAdapter, Microsoft.VisualStudio.QualityTools.Tips.UnitTest.Adapter, Version=10.0.0.0, Culture=neutral, PublicKeyToken=b03f5f7f11d50a3a" className="HousingConditionWebApp.Tests.Controllers.HouseConditionControllerTest, HousingConditionWebApp.Tests, Version=1.0.0.0, Culture=neutral, PublicKeyToken=null" name="TestDeleteConfirmedRemovesHouseFromDatabase" />
    </UnitTest>
  </TestDefinitions>
  <TestLists>
    <TestList name="Results Not in a List" id="8c84fa94-04c1-424b-9868-57a2d4851a1d" />
    <TestList name="All Loaded Results" id="19431567-8539-422a-85d7-44ee4e166bda" />
  </TestLists>
  <TestEntries>
    <TestEntry testId="0f023dbc-191e-2b4e-f184-004d0c8f416a" executionId="81f732fc-93ab-4c39-b6c5-36e7b85b45a6" testListId="8c84fa94-04c1-424b-9868-57a2d4851a1d" />
    <TestEntry testId="29ff4163-9aba-8c1f-cbe0-66828d2fa1e6" executionId="edf9c7e6-9ceb-4cad-a961-3f4331413860" testListId="8c84fa94-04c1-424b-9868-57a2d4851a1d" />
    <TestEntry testId="46188ee2-ebed-9b53-beac-aaeecba5b414" executionId="d714de38-a5d3-4027-b7d9-10813651e850" testListId="8c84fa94-04c1-424b-9868-57a2d4851a1d" />
    <TestEntry testId="4f22d8f3-9ae8-caf6-302a-2c751b24c352" executionId="3ea026c6-2f59-4a6e-884b-ee5c6c2d8b2a" testListId="8c84fa94-04c1-424b-9868-57a2d4851a1d" />
    <TestEntry testId="59053fe6-ee91-4748-f8f7-5e580b606234" executionId="03c2f195-a32b-4a28-8024-20507f095b0c" testListId="8c84fa94-04c1-424b-9868-57a2d4851a1d" />
    <TestEntry testId="6ac90b8b-5a1c-5977-5e3e-af31b3ed8b8d" executionId="b0fc9811-2888-4ae4-a517-fbf894d88d9d" testListId="8c84fa94-04c1-424b-9868-57a2d4851a1d" />
    <TestEntry testId="6e57bb0f-febe-1788-0ae6-4de9335f39e5" executionId="a316bad9-c696-41c5-ac36-ce2ca2fa2ead" testListId="8c84fa94-04c1-424b-9868-57a2d4851a1d" />
    <TestEntry testId="6f4b9289-b961-f3df-632b-c7142d970fe0" executionId="a4546c79-3968-41b3-9e54-52549dfb93a5" testListId="8c84fa94-04c1-424b-9868-57a2d4851a1d" />
    <TestEntry testId="74294699-f3ab-cc57-2013-31ff43e6ab0f" executionId="8d9e49af-577b-4b45-8379-f7a08b19d145" testListId="8c84fa94-04c1-424b-9868-57a2d4851a1d" />
    <TestEntry testId="93f87eff-5405-d627-3430-20853c8061e9" executionId="15bbb60b-e475-4728-abd1-2878d92e60b2" testListId="8c84fa94-04c1-424b-9868-57a2d4851a1d" />
    <TestEntry testId="a2e1f985-ee7b-62a3-f3cc-ef0dbe1784d2" executionId="4811d5dc-9a84-4bd0-9ff7-617200f4d85c" testListId="8c84fa94-04c1-424b-9868-57a2d4851a1d" />
    <TestEntry testId="a9fffc86-8deb-708f-6d21-7cb2501c155e" executionId="e86edb19-54b3-4a1c-9219-33842b44f33e" testListId="8c84fa94-04c1-424b-9868-57a2d4851a1d" />
    <TestEntry testId="c663d47e-ab1d-1ac9-6538-d71c98368635" executionId="0375bb75-b6b0-4cf3-8378-e6273d8b2698" testListId="8c84fa94-04c1-424b-9868-57a2d4851a1d" />
    <TestEntry testId="c7ca3a05-26ba-c88b-236b-e8c9dee980e8" executionId="44c2a830-938f-4faf-9b1e-5c19b44863fa" testListId="8c84fa94-04c1-424b-9868-57a2d4851a1d" />
    <TestEntry testId="d65ef4b2-e6fd-57c2-fa57-80d264122521" executionId="1ac62372-ba9a-4b4c-b8d3-243511886411" testListId="8c84fa94-04c1-424b-9868-57a2d4851a1d" />
    <TestEntry testId="e7bd7dfd-443e-eafe-3b6b-7b1cfd349f18" executionId="fe4082f0-b09d-4d53-8d8c-17e12e8130da" testListId="8c84fa94-04c1-424b-9868-57a2d4851a1d" />
  </TestEntries>
  <Results>
    <UnitTestResult executionId="81f732fc-93ab-4c39-b6c5-36e7b85b45a6" testId="0f023dbc-191e-2b4e-f184-004d0c8f416a" testName="TestCreateRedisplayCreateViewIfModelInvalid" computerName="OKEEMAN" duration="00:00:00.0614430" startTime="2012-11-19T19:41:44.5992519+00:00" endTime="2012-11-19T19:41:44.8176523+00:00" testType="13cdc9d9-ddb5-4fa4-a97d-d965ccfc6d4b" outcome="Passed" testListId="8c84fa94-04c1-424b-9868-57a2d4851a1d" relativeResultsDirectory="81f732fc-93ab-4c39-b6c5-36e7b85b45a6">
    </UnitTestResult>
    <UnitTestResult executionId="edf9c7e6-9ceb-4cad-a961-3f4331413860" testId="29ff4163-9aba-8c1f-cbe0-66828d2fa1e6" testName="TestDetailsReturnCorrectData" computerName="OKEEMAN" duration="00:00:00.8524166" startTime="2012-11-19T19:41:44.8332523+00:00" endTime="2012-11-19T19:41:45.6912538+00:00" testType="13cdc9d9-ddb5-4fa4-a97d-d965ccfc6d4b" outcome="Passed" testListId="8c84fa94-04c1-424b-9868-57a2d4851a1d" relativeResultsDirectory="edf9c7e6-9ceb-4cad-a961-3f4331413860">
    </UnitTestResult>
    <UnitTestResult executionId="d714de38-a5d3-4027-b7d9-10813651e850" testId="46188ee2-ebed-9b53-beac-aaeecba5b414" testName="TestDeleteView" computerName="OKEEMAN" duration="00:00:00.0588024" startTime="2012-11-19T19:41:45.7692540+00:00" endTime="2012-11-19T19:41:45.8316541+00:00" testType="13cdc9d9-ddb5-4fa4-a97d-d965ccfc6d4b" outcome="Passed" testListId="8c84fa94-04c1-424b-9868-57a2d4851a1d" relativeResultsDirectory="d714de38-a5d3-4027-b7d9-10813651e850">
    </UnitTestResult>
    <UnitTestResult executionId="3ea026c6-2f59-4a6e-884b-ee5c6c2d8b2a" testId="4f22d8f3-9ae8-caf6-302a-2c751b24c352" testName="TestEditView" computerName="OKEEMAN" duration="00:00:00.0547635" startTime="2012-11-19T19:41:45.8472541+00:00" endTime="2012-11-19T19:41:45.9252543+00:00" testType="13cdc9d9-ddb5-4fa4-a97d-d965ccfc6d4b" outcome="Passed" testListId="8c84fa94-04c1-424b-9868-57a2d4851a1d" relativeResultsDirectory="3ea026c6-2f59-4a6e-884b-ee5c6c2d8b2a">
    </UnitTestResult>
    <UnitTestResult executionId="03c2f195-a32b-4a28-8024-20507f095b0c" testId="59053fe6-ee91-4748-f8f7-5e580b606234" testName="TestCreateView" computerName="OKEEMAN" duration="00:00:00.0014986" startTime="2012-11-19T19:41:45.9408543+00:00" endTime="2012-11-19T19:41:45.9564543+00:00" testType="13cdc9d9-ddb5-4fa4-a97d-d965ccfc6d4b" outcome="Passed" testListId="8c84fa94-04c1-424b-9868-57a2d4851a1d" relativeResultsDirectory="03c2f195-a32b-4a28-8024-20507f095b0c">
    </UnitTestResult>
    <UnitTestResult executionId="b0fc9811-2888-4ae4-a517-fbf894d88d9d" testId="6ac90b8b-5a1c-5977-5e3e-af31b3ed8b8d" testName="TestHomeIndexRedirect" computerName="OKEEMAN" duration="00:00:00.0005522" startTime="2012-11-19T19:41:45.9720543+00:00" endTime="2012-11-19T19:41:45.9876544+00:00" testType="13cdc9d9-ddb5-4fa4-a97d-d965ccfc6d4b" outcome="Passed" testListId="8c84fa94-04c1-424b-9868-57a2d4851a1d" relativeResultsDirectory="b0fc9811-2888-4ae4-a517-fbf894d88d9d">
    </UnitTestResult>
    <UnitTestResult executionId="a316bad9-c696-41c5-ac36-ce2ca2fa2ead" testId="6e57bb0f-febe-1788-0ae6-4de9335f39e5" testName="TestAboutView" computerName="OKEEMAN" duration="00:00:00.0002691" startTime="2012-11-19T19:41:46.0032544+00:00" endTime="2012-11-19T19:41:46.0032544+00:00" testType="13cdc9d9-ddb5-4fa4-a97d-d965ccfc6d4b" outcome="Passed" testListId="8c84fa94-04c1-424b-9868-57a2d4851a1d" relativeResultsDirectory="a316bad9-c696-41c5-ac36-ce2ca2fa2ead">
    </UnitTestResult>
    <UnitTestResult executionId="a4546c79-3968-41b3-9e54-52549dfb93a5" testId="6f4b9289-b961-f3df-632b-c7142d970fe0" testName="TestEditRedisplayEditViewIfModelInvalid" computerName="OKEEMAN" duration="00:00:00.0008086" startTime="2012-11-19T19:41:46.0344544+00:00" endTime="2012-11-19T19:41:46.0344544+00:00" testType="13cdc9d9-ddb5-4fa4-a97d-d965ccfc6d4b" outcome="Passed" testListId="8c84fa94-04c1-424b-9868-57a2d4851a1d" relativeResultsDirectory="a4546c79-3968-41b3-9e54-52549dfb93a5">
    </UnitTestResult>
    <UnitTestResult executionId="8d9e49af-577b-4b45-8379-f7a08b19d145" testId="74294699-f3ab-cc57-2013-31ff43e6ab0f" testName="TestCreateRedirectIfModelValid" computerName="OKEEMAN" duration="00:00:00.3041251" startTime="2012-11-19T19:41:46.0500545+00:00" endTime="2012-11-19T19:41:46.3620550+00:00" testType="13cdc9d9-ddb5-4fa4-a97d-d965ccfc6d4b" outcome="Passed" testListId="8c84fa94-04c1-424b-9868-57a2d4851a1d" relativeResultsDirectory="8d9e49af-577b-4b45-8379-f7a08b19d145">
    </UnitTestResult>
    <UnitTestResult executionId="15bbb60b-e475-4728-abd1-2878d92e60b2" testId="93f87eff-5405-d627-3430-20853c8061e9" testName="TestEditRedirectIfModelValid" computerName="OKEEMAN" duration="00:00:00.1993746" startTime="2012-11-19T19:41:46.3932551+00:00" endTime="2012-11-19T19:41:46.5960554+00:00" testType="13cdc9d9-ddb5-4fa4-a97d-d965ccfc6d4b" outcome="Failed" testListId="8c84fa94-04c1-424b-9868-57a2d4851a1d" relativeResultsDirectory="15bbb60b-e475-4728-abd1-2878d92e60b2">
      <Output>
        <ErrorInfo>
          <Message>Test method HousingConditionWebApp.Tests.Controllers.HouseConditionControllerTest.TestEditRedirectIfModelValid threw exception: 
System.Data.OptimisticConcurrencyException: Store update, insert, or delete statement affected an unexpected number of rows (0). Entities may have been modified or deleted since entities were loaded. Refresh ObjectStateManager entries.</Message>
          <StackTrace>    at System.Data.Mapping.Update.Internal.UpdateTranslator.ValidateRowsAffected(Int64 rowsAffected, UpdateCommand source)
   at System.Data.Mapping.Update.Internal.UpdateTranslator.Update(IEntityStateManager stateManager, IEntityAdapter adapter)
   at System.Data.EntityClient.EntityAdapter.Update(IEntityStateManager entityCache)
   at System.Data.Objects.ObjectContext.SaveChanges(SaveOptions options)
   at System.Data.Objects.ObjectContext.SaveChanges()
   at HousingConditionWebApp.Controllers.HouseConditionController.Edit(House house) in F:\Semester 2\EAD\Mini-project\HousingConditionWebAppOriginal\HousingConditionWebApp\Controllers\HouseConditionController.cs:line 60
   at HousingConditionWebApp.Tests.Controllers.HouseConditionControllerTest.TestEditRedirectIfModelValid() in F:\Semester 2\EAD\Mini-project\HousingConditionWebAppOriginal\HousingConditionWebApp.Tests\Controllers\HouseConditionControllerTest.cs:line 144
</StackTrace>
        </ErrorInfo>
      </Output>
    </UnitTestResult>
    <UnitTestResult executionId="4811d5dc-9a84-4bd0-9ff7-617200f4d85c" testId="a2e1f985-ee7b-62a3-f3cc-ef0dbe1784d2" testName="TestDetailsView" computerName="OKEEMAN" duration="00:00:00.0634721" startTime="2012-11-19T19:41:46.6116555+00:00" endTime="2012-11-19T19:41:46.6896556+00:00" testType="13cdc9d9-ddb5-4fa4-a97d-d965ccfc6d4b" outcome="Passed" testListId="8c84fa94-04c1-424b-9868-57a2d4851a1d" relativeResultsDirectory="4811d5dc-9a84-4bd0-9ff7-617200f4d85c">
    </UnitTestResult>
    <UnitTestResult executionId="e86edb19-54b3-4a1c-9219-33842b44f33e" testId="a9fffc86-8deb-708f-6d21-7cb2501c155e" testName="TestCreateActionHouseNotAddedToDatabaseIfModelInvalid" computerName="OKEEMAN" duration="00:00:00.0529115" startTime="2012-11-19T19:41:46.7052556+00:00" endTime="2012-11-19T19:41:46.7676557+00:00" testType="13cdc9d9-ddb5-4fa4-a97d-d965ccfc6d4b" outcome="Passed" testListId="8c84fa94-04c1-424b-9868-57a2d4851a1d" relativeResultsDirectory="e86edb19-54b3-4a1c-9219-33842b44f33e">
    </UnitTestResult>
    <UnitTestResult executionId="0375bb75-b6b0-4cf3-8378-e6273d8b2698" testId="c663d47e-ab1d-1ac9-6538-d71c98368635" testName="HomeIndexNull" computerName="OKEEMAN" duration="00:00:00.0005259" startTime="2012-11-19T19:41:46.7988558+00:00" endTime="2012-11-19T19:41:46.7988558+00:00" testType="13cdc9d9-ddb5-4fa4-a97d-d965ccfc6d4b" outcome="Passed" testListId="8c84fa94-04c1-424b-9868-57a2d4851a1d" relativeResultsDirectory="0375bb75-b6b0-4cf3-8378-e6273d8b2698">
    </UnitTestResult>
    <UnitTestResult executionId="44c2a830-938f-4faf-9b1e-5c19b44863fa" testId="c7ca3a05-26ba-c88b-236b-e8c9dee980e8" testName="TestDeleteConfirmedRemovesHouseFromDatabase" computerName="OKEEMAN" duration="00:00:00.4355346" startTime="2012-11-19T19:41:46.8300558+00:00" endTime="2012-11-19T19:41:47.2824566+00:00" testType="13cdc9d9-ddb5-4fa4-a97d-d965ccfc6d4b" outcome="Passed" testListId="8c84fa94-04c1-424b-9868-57a2d4851a1d" relativeResultsDirectory="44c2a830-938f-4faf-9b1e-5c19b44863fa">
    </UnitTestResult>
    <UnitTestResult executionId="1ac62372-ba9a-4b4c-b8d3-243511886411" testId="d65ef4b2-e6fd-57c2-fa57-80d264122521" testName="TestIndexView" computerName="OKEEMAN" duration="00:00:00.0484567" startTime="2012-11-19T19:41:47.4540569+00:00" endTime="2012-11-19T19:41:47.5164570+00:00" testType="13cdc9d9-ddb5-4fa4-a97d-d965ccfc6d4b" outcome="Passed" testListId="8c84fa94-04c1-424b-9868-57a2d4851a1d" relativeResultsDirectory="1ac62372-ba9a-4b4c-b8d3-243511886411">
    </UnitTestResult>
    <UnitTestResult executionId="fe4082f0-b09d-4d53-8d8c-17e12e8130da" testId="e7bd7dfd-443e-eafe-3b6b-7b1cfd349f18" testName="TestDeleteConfirmedRedirectsToIndexAction" computerName="OKEEMAN" duration="00:00:00.3242911" startTime="2012-11-19T19:41:47.6724573+00:00" endTime="2012-11-19T19:41:48.0000579+00:00" testType="13cdc9d9-ddb5-4fa4-a97d-d965ccfc6d4b" outcome="Passed" testListId="8c84fa94-04c1-424b-9868-57a2d4851a1d" relativeResultsDirectory="fe4082f0-b09d-4d53-8d8c-17e12e8130da">
    </UnitTestResult>
  </Results>
</TestRun>