<?xml version="1.0" encoding="UTF-8"?>
<TestRun id="0496f242-59b0-432c-9657-9fa0c4d52c29" name="admin@OKEEMAN 2012-11-19 18:51:00" runUser="okeeman\admin" xmlns="http://microsoft.com/schemas/VisualStudio/TeamTest/2010">
  <TestSettings name="Default Test Settings" id="4bfbdd26-9798-4a5e-bb4c-eb254533f7ee">
    <Deployment runDeploymentRoot="admin_OKEEMAN 2012-11-19 18_51_00">
      <DeploymentItem filename="F:\Semester 2\EAD\Mini-project\HousingConditionWebAppOriginal\packages\NUnit.2.6.2\lib\nunit.framework.dll" />
      <DeploymentItem filename="F:\Semester 2\EAD\Mini-project\HousingConditionWebAppOriginal\HousingConditionWebApp\bin\HousingConditionWebApp.dll" />
    </Deployment>
    <Execution>
      <TestTypeSpecific />
      <AgentRule name="Execution Agents">
      </AgentRule>
    </Execution>
  </TestSettings>
  <Times creation="2012-11-19T18:51:00.8159033+00:00" queuing="2012-11-19T18:51:02.5787064+00:00" start="2012-11-19T18:51:02.6099065+00:00" finish="2012-11-19T18:51:06.0419125+00:00" />
  <ResultSummary outcome="Completed">
    <Counters total="13" executed="13" passed="13" error="0" failed="0" timeout="0" aborted="0" inconclusive="0" passedButRunAborted="0" notRunnable="0" notExecuted="0" disconnected="0" warning="0" completed="0" inProgress="0" pending="0" />
  </ResultSummary>
  <TestDefinitions>
    <UnitTest name="TestDetailsView" storage="f:\semester 2\ead\mini-project\housingconditionwebapporiginal\housingconditionwebapp.tests\bin\debug\housingconditionwebapp.tests.dll" id="a2e1f985-ee7b-62a3-f3cc-ef0dbe1784d2">
      <Execution id="0613ecce-56ea-4395-abec-d5d0bd8b73ce" />
      <TestMethod codeBase="F:/Semester 2/EAD/Mini-project/HousingConditionWebAppOriginal/HousingConditionWebApp.Tests/bin/Debug/HousingConditionWebApp.Tests.DLL" adapterTypeName="Microsoft.VisualStudio.TestTools.TestTypes.Unit.UnitTestAdapter, Microsoft.VisualStudio.QualityTools.Tips.UnitTest.Adapter, Version=10.0.0.0, Culture=neutral, PublicKeyToken=b03f5f7f11d50a3a" className="HousingConditionWebApp.Tests.Controllers.HouseConditionControllerTest, HousingConditionWebApp.Tests, Version=1.0.0.0, Culture=neutral, PublicKeyToken=null" name="TestDetailsView" />
    </UnitTest>
    <UnitTest name="TestEditRedisplayEditViewIfModelInvalid" storage="f:\semester 2\ead\mini-project\housingconditionwebapporiginal\housingconditionwebapp.tests\bin\debug\housingconditionwebapp.tests.dll" id="6f4b9289-b961-f3df-632b-c7142d970fe0">
      <Execution id="2564f59c-a106-400e-8d98-71fbce0a675b" />
      <TestMethod codeBase="F:/Semester 2/EAD/Mini-project/HousingConditionWebAppOriginal/HousingConditionWebApp.Tests/bin/Debug/HousingConditionWebApp.Tests.DLL" adapterTypeName="Microsoft.VisualStudio.TestTools.TestTypes.Unit.UnitTestAdapter, Microsoft.VisualStudio.QualityTools.Tips.UnitTest.Adapter, Version=10.0.0.0, Culture=neutral, PublicKeyToken=b03f5f7f11d50a3a" className="HousingConditionWebApp.Tests.Controllers.HouseConditionControllerTest, HousingConditionWebApp.Tests, Version=1.0.0.0, Culture=neutral, PublicKeyToken=null" name="TestEditRedisplayEditViewIfModelInvalid" />
    </UnitTest>
    <UnitTest name="TestCreateView" storage="f:\semester 2\ead\mini-project\housingconditionwebapporiginal\housingconditionwebapp.tests\bin\debug\housingconditionwebapp.tests.dll" id="59053fe6-ee91-4748-f8f7-5e580b606234">
      <Execution id="9313e019-f578-4f53-ada7-178611904134" />
      <TestMethod codeBase="F:/Semester 2/EAD/Mini-project/HousingConditionWebAppOriginal/HousingConditionWebApp.Tests/bin/Debug/HousingConditionWebApp.Tests.DLL" adapterTypeName="Microsoft.VisualStudio.TestTools.TestTypes.Unit.UnitTestAdapter, Microsoft.VisualStudio.QualityTools.Tips.UnitTest.Adapter, Version=10.0.0.0, Culture=neutral, PublicKeyToken=b03f5f7f11d50a3a" className="HousingConditionWebApp.Tests.Controllers.HouseConditionControllerTest, HousingConditionWebApp.Tests, Version=1.0.0.0, Culture=neutral, PublicKeyToken=null" name="TestCreateView" />
    </UnitTest>
    <UnitTest name="About" storage="f:\semester 2\ead\mini-project\housingconditionwebapporiginal\housingconditionwebapp.tests\bin\debug\housingconditionwebapp.tests.dll" id="c9401cca-1d95-5a8b-fca3-083b53847b94">
      <Execution id="365099b6-02f5-452c-a284-4d9387d3da9c" />
      <TestMethod codeBase="F:/Semester 2/EAD/Mini-project/HousingConditionWebAppOriginal/HousingConditionWebApp.Tests/bin/Debug/HousingConditionWebApp.Tests.DLL" adapterTypeName="Microsoft.VisualStudio.TestTools.TestTypes.Unit.UnitTestAdapter, Microsoft.VisualStudio.QualityTools.Tips.UnitTest.Adapter, Version=10.0.0.0, Culture=neutral, PublicKeyToken=b03f5f7f11d50a3a" className="HousingConditionWebApp.Tests.Controllers.HomeControllerTest, HousingConditionWebApp.Tests, Version=1.0.0.0, Culture=neutral, PublicKeyToken=null" name="About" />
    </UnitTest>
    <UnitTest name="TestEditView" storage="f:\semester 2\ead\mini-project\housingconditionwebapporiginal\housingconditionwebapp.tests\bin\debug\housingconditionwebapp.tests.dll" id="4f22d8f3-9ae8-caf6-302a-2c751b24c352">
      <Execution id="0761ccf1-2daf-4bf8-a5e4-5887f3aa7439" />
      <TestMethod codeBase="F:/Semester 2/EAD/Mini-project/HousingConditionWebAppOriginal/HousingConditionWebApp.Tests/bin/Debug/HousingConditionWebApp.Tests.DLL" adapterTypeName="Microsoft.VisualStudio.TestTools.TestTypes.Unit.UnitTestAdapter, Microsoft.VisualStudio.QualityTools.Tips.UnitTest.Adapter, Version=10.0.0.0, Culture=neutral, PublicKeyToken=b03f5f7f11d50a3a" className="HousingConditionWebApp.Tests.Controllers.HouseConditionControllerTest, HousingConditionWebApp.Tests, Version=1.0.0.0, Culture=neutral, PublicKeyToken=null" name="TestEditView" />
    </UnitTest>
    <UnitTest name="TestIndexView" storage="f:\semester 2\ead\mini-project\housingconditionwebapporiginal\housingconditionwebapp.tests\bin\debug\housingconditionwebapp.tests.dll" id="d65ef4b2-e6fd-57c2-fa57-80d264122521">
      <Execution id="d5f1c0b3-e286-4ba9-bf84-e3aaa6646d4a" />
      <TestMethod codeBase="F:/Semester 2/EAD/Mini-project/HousingConditionWebAppOriginal/HousingConditionWebApp.Tests/bin/Debug/HousingConditionWebApp.Tests.DLL" adapterTypeName="Microsoft.VisualStudio.TestTools.TestTypes.Unit.UnitTestAdapter, Microsoft.VisualStudio.QualityTools.Tips.UnitTest.Adapter, Version=10.0.0.0, Culture=neutral, PublicKeyToken=b03f5f7f11d50a3a" className="HousingConditionWebApp.Tests.Controllers.HouseConditionControllerTest, HousingConditionWebApp.Tests, Version=1.0.0.0, Culture=neutral, PublicKeyToken=null" name="TestIndexView" />
    </UnitTest>
    <UnitTest name="TestEditRedirectIfModelValid" storage="f:\semester 2\ead\mini-project\housingconditionwebapporiginal\housingconditionwebapp.tests\bin\debug\housingconditionwebapp.tests.dll" id="93f87eff-5405-d627-3430-20853c8061e9">
      <Execution id="dbc36354-009a-46fa-9a9f-0fb3b0c3a5d1" />
      <TestMethod codeBase="F:/Semester 2/EAD/Mini-project/HousingConditionWebAppOriginal/HousingConditionWebApp.Tests/bin/Debug/HousingConditionWebApp.Tests.DLL" adapterTypeName="Microsoft.VisualStudio.TestTools.TestTypes.Unit.UnitTestAdapter, Microsoft.VisualStudio.QualityTools.Tips.UnitTest.Adapter, Version=10.0.0.0, Culture=neutral, PublicKeyToken=b03f5f7f11d50a3a" className="HousingConditionWebApp.Tests.Controllers.HouseConditionControllerTest, HousingConditionWebApp.Tests, Version=1.0.0.0, Culture=neutral, PublicKeyToken=null" name="TestEditRedirectIfModelValid" />
    </UnitTest>
    <UnitTest name="TestDeleteConfirmedRedirectsToIndexAction" storage="f:\semester 2\ead\mini-project\housingconditionwebapporiginal\housingconditionwebapp.tests\bin\debug\housingconditionwebapp.tests.dll" id="e7bd7dfd-443e-eafe-3b6b-7b1cfd349f18">
      <Execution id="0d6fda50-5389-4128-a80f-718568a80c8c" />
      <TestMethod codeBase="F:/Semester 2/EAD/Mini-project/HousingConditionWebAppOriginal/HousingConditionWebApp.Tests/bin/Debug/HousingConditionWebApp.Tests.DLL" adapterTypeName="Microsoft.VisualStudio.TestTools.TestTypes.Unit.UnitTestAdapter, Microsoft.VisualStudio.QualityTools.Tips.UnitTest.Adapter, Version=10.0.0.0, Culture=neutral, PublicKeyToken=b03f5f7f11d50a3a" className="HousingConditionWebApp.Tests.Controllers.HouseConditionControllerTest, HousingConditionWebApp.Tests, Version=1.0.0.0, Culture=neutral, PublicKeyToken=null" name="TestDeleteConfirmedRedirectsToIndexAction" />
    </UnitTest>
    <UnitTest name="TestCreateRedirectIfModelValid" storage="f:\semester 2\ead\mini-project\housingconditionwebapporiginal\housingconditionwebapp.tests\bin\debug\housingconditionwebapp.tests.dll" id="74294699-f3ab-cc57-2013-31ff43e6ab0f">
      <Execution id="0ae584a7-2945-4cdb-8122-0169d40ae161" />
      <TestMethod codeBase="F:/Semester 2/EAD/Mini-project/HousingConditionWebAppOriginal/HousingConditionWebApp.Tests/bin/Debug/HousingConditionWebApp.Tests.DLL" adapterTypeName="Microsoft.VisualStudio.TestTools.TestTypes.Unit.UnitTestAdapter, Microsoft.VisualStudio.QualityTools.Tips.UnitTest.Adapter, Version=10.0.0.0, Culture=neutral, PublicKeyToken=b03f5f7f11d50a3a" className="HousingConditionWebApp.Tests.Controllers.HouseConditionControllerTest, HousingConditionWebApp.Tests, Version=1.0.0.0, Culture=neutral, PublicKeyToken=null" name="TestCreateRedirectIfModelValid" />
    </UnitTest>
    <UnitTest name="TestDeleteView" storage="f:\semester 2\ead\mini-project\housingconditionwebapporiginal\housingconditionwebapp.tests\bin\debug\housingconditionwebapp.tests.dll" id="46188ee2-ebed-9b53-beac-aaeecba5b414">
      <Execution id="e5bd0c7d-b9af-4461-be27-94a1b936539c" />
      <TestMethod codeBase="F:/Semester 2/EAD/Mini-project/HousingConditionWebAppOriginal/HousingConditionWebApp.Tests/bin/Debug/HousingConditionWebApp.Tests.DLL" adapterTypeName="Microsoft.VisualStudio.TestTools.TestTypes.Unit.UnitTestAdapter, Microsoft.VisualStudio.QualityTools.Tips.UnitTest.Adapter, Version=10.0.0.0, Culture=neutral, PublicKeyToken=b03f5f7f11d50a3a" className="HousingConditionWebApp.Tests.Controllers.HouseConditionControllerTest, HousingConditionWebApp.Tests, Version=1.0.0.0, Culture=neutral, PublicKeyToken=null" name="TestDeleteView" />
    </UnitTest>
    <UnitTest name="HomeIndexNull" storage="f:\semester 2\ead\mini-project\housingconditionwebapporiginal\housingconditionwebapp.tests\bin\debug\housingconditionwebapp.tests.dll" id="c663d47e-ab1d-1ac9-6538-d71c98368635">
      <Execution id="176c4919-54a7-41db-86be-ab9489e6b680" />
      <TestMethod codeBase="F:/Semester 2/EAD/Mini-project/HousingConditionWebAppOriginal/HousingConditionWebApp.Tests/bin/Debug/HousingConditionWebApp.Tests.DLL" adapterTypeName="Microsoft.VisualStudio.TestTools.TestTypes.Unit.UnitTestAdapter, Microsoft.VisualStudio.QualityTools.Tips.UnitTest.Adapter, Version=10.0.0.0, Culture=neutral, PublicKeyToken=b03f5f7f11d50a3a" className="HousingConditionWebApp.Tests.Controllers.HomeControllerTest, HousingConditionWebApp.Tests, Version=1.0.0.0, Culture=neutral, PublicKeyToken=null" name="HomeIndexNull" />
    </UnitTest>
    <UnitTest name="TestCreateRedisplayCreateViewIfModelInvalid" storage="f:\semester 2\ead\mini-project\housingconditionwebapporiginal\housingconditionwebapp.tests\bin\debug\housingconditionwebapp.tests.dll" id="0f023dbc-191e-2b4e-f184-004d0c8f416a">
      <Execution id="4b76892c-9260-4600-a4b9-c6804d83e724" />
      <TestMethod codeBase="F:/Semester 2/EAD/Mini-project/HousingConditionWebAppOriginal/HousingConditionWebApp.Tests/bin/Debug/HousingConditionWebApp.Tests.DLL" adapterTypeName="Microsoft.VisualStudio.TestTools.TestTypes.Unit.UnitTestAdapter, Microsoft.VisualStudio.QualityTools.Tips.UnitTest.Adapter, Version=10.0.0.0, Culture=neutral, PublicKeyToken=b03f5f7f11d50a3a" className="HousingConditionWebApp.Tests.Controllers.HouseConditionControllerTest, HousingConditionWebApp.Tests, Version=1.0.0.0, Culture=neutral, PublicKeyToken=null" name="TestCreateRedisplayCreateViewIfModelInvalid" />
    </UnitTest>
    <UnitTest name="TestDeleteConfirmedRemovesHouseFromDatabase" storage="f:\semester 2\ead\mini-project\housingconditionwebapporiginal\housingconditionwebapp.tests\bin\debug\housingconditionwebapp.tests.dll" id="c7ca3a05-26ba-c88b-236b-e8c9dee980e8">
      <Execution id="1a826aba-bac0-418c-bc03-104504cfab1d" />
      <TestMethod codeBase="F:/Semester 2/EAD/Mini-project/HousingConditionWebAppOriginal/HousingConditionWebApp.Tests/bin/Debug/HousingConditionWebApp.Tests.DLL" adapterTypeName="Microsoft.VisualStudio.TestTools.TestTypes.Unit.UnitTestAdapter, Microsoft.VisualStudio.QualityTools.Tips.UnitTest.Adapter, Version=10.0.0.0, Culture=neutral, PublicKeyToken=b03f5f7f11d50a3a" className="HousingConditionWebApp.Tests.Controllers.HouseConditionControllerTest, HousingConditionWebApp.Tests, Version=1.0.0.0, Culture=neutral, PublicKeyToken=null" name="TestDeleteConfirmedRemovesHouseFromDatabase" />
    </UnitTest>
  </TestDefinitions>
  <TestLists>
    <TestList name="Results Not in a List" id="8c84fa94-04c1-424b-9868-57a2d4851a1d" />
    <TestList name="All Loaded Results" id="19431567-8539-422a-85d7-44ee4e166bda" />
  </TestLists>
  <TestEntries>
    <TestEntry testId="0f023dbc-191e-2b4e-f184-004d0c8f416a" executionId="4b76892c-9260-4600-a4b9-c6804d83e724" testListId="8c84fa94-04c1-424b-9868-57a2d4851a1d" />
    <TestEntry testId="46188ee2-ebed-9b53-beac-aaeecba5b414" executionId="e5bd0c7d-b9af-4461-be27-94a1b936539c" testListId="8c84fa94-04c1-424b-9868-57a2d4851a1d" />
    <TestEntry testId="4f22d8f3-9ae8-caf6-302a-2c751b24c352" executionId="0761ccf1-2daf-4bf8-a5e4-5887f3aa7439" testListId="8c84fa94-04c1-424b-9868-57a2d4851a1d" />
    <TestEntry testId="59053fe6-ee91-4748-f8f7-5e580b606234" executionId="9313e019-f578-4f53-ada7-178611904134" testListId="8c84fa94-04c1-424b-9868-57a2d4851a1d" />
    <TestEntry testId="6f4b9289-b961-f3df-632b-c7142d970fe0" executionId="2564f59c-a106-400e-8d98-71fbce0a675b" testListId="8c84fa94-04c1-424b-9868-57a2d4851a1d" />
    <TestEntry testId="74294699-f3ab-cc57-2013-31ff43e6ab0f" executionId="0ae584a7-2945-4cdb-8122-0169d40ae161" testListId="8c84fa94-04c1-424b-9868-57a2d4851a1d" />
    <TestEntry testId="93f87eff-5405-d627-3430-20853c8061e9" executionId="dbc36354-009a-46fa-9a9f-0fb3b0c3a5d1" testListId="8c84fa94-04c1-424b-9868-57a2d4851a1d" />
    <TestEntry testId="a2e1f985-ee7b-62a3-f3cc-ef0dbe1784d2" executionId="0613ecce-56ea-4395-abec-d5d0bd8b73ce" testListId="8c84fa94-04c1-424b-9868-57a2d4851a1d" />
    <TestEntry testId="c663d47e-ab1d-1ac9-6538-d71c98368635" executionId="176c4919-54a7-41db-86be-ab9489e6b680" testListId="8c84fa94-04c1-424b-9868-57a2d4851a1d" />
    <TestEntry testId="c7ca3a05-26ba-c88b-236b-e8c9dee980e8" executionId="1a826aba-bac0-418c-bc03-104504cfab1d" testListId="8c84fa94-04c1-424b-9868-57a2d4851a1d" />
    <TestEntry testId="c9401cca-1d95-5a8b-fca3-083b53847b94" executionId="365099b6-02f5-452c-a284-4d9387d3da9c" testListId="8c84fa94-04c1-424b-9868-57a2d4851a1d" />
    <TestEntry testId="d65ef4b2-e6fd-57c2-fa57-80d264122521" executionId="d5f1c0b3-e286-4ba9-bf84-e3aaa6646d4a" testListId="8c84fa94-04c1-424b-9868-57a2d4851a1d" />
    <TestEntry testId="e7bd7dfd-443e-eafe-3b6b-7b1cfd349f18" executionId="0d6fda50-5389-4128-a80f-718568a80c8c" testListId="8c84fa94-04c1-424b-9868-57a2d4851a1d" />
  </TestEntries>
  <Results>
    <UnitTestResult executionId="4b76892c-9260-4600-a4b9-c6804d83e724" testId="0f023dbc-191e-2b4e-f184-004d0c8f416a" testName="TestCreateRedisplayCreateViewIfModelInvalid" computerName="OKEEMAN" duration="00:00:00.0570819" startTime="2012-11-19T18:51:02.6411065+00:00" endTime="2012-11-19T18:51:02.8751069+00:00" testType="13cdc9d9-ddb5-4fa4-a97d-d965ccfc6d4b" outcome="Passed" testListId="8c84fa94-04c1-424b-9868-57a2d4851a1d" relativeResultsDirectory="4b76892c-9260-4600-a4b9-c6804d83e724">
    </UnitTestResult>
    <UnitTestResult executionId="e5bd0c7d-b9af-4461-be27-94a1b936539c" testId="46188ee2-ebed-9b53-beac-aaeecba5b414" testName="TestDeleteView" computerName="OKEEMAN" duration="00:00:00.4504962" startTime="2012-11-19T18:51:02.8907070+00:00" endTime="2012-11-19T18:51:03.3431078+00:00" testType="13cdc9d9-ddb5-4fa4-a97d-d965ccfc6d4b" outcome="Passed" testListId="8c84fa94-04c1-424b-9868-57a2d4851a1d" relativeResultsDirectory="e5bd0c7d-b9af-4461-be27-94a1b936539c">
    </UnitTestResult>
    <UnitTestResult executionId="0761ccf1-2daf-4bf8-a5e4-5887f3aa7439" testId="4f22d8f3-9ae8-caf6-302a-2c751b24c352" testName="TestEditView" computerName="OKEEMAN" duration="00:00:00.0502146" startTime="2012-11-19T18:51:03.5147081+00:00" endTime="2012-11-19T18:51:03.5771082+00:00" testType="13cdc9d9-ddb5-4fa4-a97d-d965ccfc6d4b" outcome="Passed" testListId="8c84fa94-04c1-424b-9868-57a2d4851a1d" relativeResultsDirectory="0761ccf1-2daf-4bf8-a5e4-5887f3aa7439">
    </UnitTestResult>
    <UnitTestResult executionId="9313e019-f578-4f53-ada7-178611904134" testId="59053fe6-ee91-4748-f8f7-5e580b606234" testName="TestCreateView" computerName="OKEEMAN" duration="00:00:00.0026492" startTime="2012-11-19T18:51:03.7487085+00:00" endTime="2012-11-19T18:51:03.7643085+00:00" testType="13cdc9d9-ddb5-4fa4-a97d-d965ccfc6d4b" outcome="Passed" testListId="8c84fa94-04c1-424b-9868-57a2d4851a1d" relativeResultsDirectory="9313e019-f578-4f53-ada7-178611904134">
    </UnitTestResult>
    <UnitTestResult executionId="2564f59c-a106-400e-8d98-71fbce0a675b" testId="6f4b9289-b961-f3df-632b-c7142d970fe0" testName="TestEditRedisplayEditViewIfModelInvalid" computerName="OKEEMAN" duration="00:00:00.0024408" startTime="2012-11-19T18:51:03.9359088+00:00" endTime="2012-11-19T18:51:03.9359088+00:00" testType="13cdc9d9-ddb5-4fa4-a97d-d965ccfc6d4b" outcome="Passed" testListId="8c84fa94-04c1-424b-9868-57a2d4851a1d" relativeResultsDirectory="2564f59c-a106-400e-8d98-71fbce0a675b">
    </UnitTestResult>
    <UnitTestResult executionId="0ae584a7-2945-4cdb-8122-0169d40ae161" testId="74294699-f3ab-cc57-2013-31ff43e6ab0f" testName="TestCreateRedirectIfModelValid" computerName="OKEEMAN" duration="00:00:00.2686848" startTime="2012-11-19T18:51:04.0295090+00:00" endTime="2012-11-19T18:51:04.3103095+00:00" testType="13cdc9d9-ddb5-4fa4-a97d-d965ccfc6d4b" outcome="Passed" testListId="8c84fa94-04c1-424b-9868-57a2d4851a1d" relativeResultsDirectory="0ae584a7-2945-4cdb-8122-0169d40ae161">
    </UnitTestResult>
    <UnitTestResult executionId="dbc36354-009a-46fa-9a9f-0fb3b0c3a5d1" testId="93f87eff-5405-d627-3430-20853c8061e9" testName="TestEditRedirectIfModelValid" computerName="OKEEMAN" duration="00:00:00.0004047" startTime="2012-11-19T18:51:04.3259095+00:00" endTime="2012-11-19T18:51:04.3259095+00:00" testType="13cdc9d9-ddb5-4fa4-a97d-d965ccfc6d4b" outcome="Passed" testListId="8c84fa94-04c1-424b-9868-57a2d4851a1d" relativeResultsDirectory="dbc36354-009a-46fa-9a9f-0fb3b0c3a5d1">
    </UnitTestResult>
    <UnitTestResult executionId="0613ecce-56ea-4395-abec-d5d0bd8b73ce" testId="a2e1f985-ee7b-62a3-f3cc-ef0dbe1784d2" testName="TestDetailsView" computerName="OKEEMAN" duration="00:00:00.0470772" startTime="2012-11-19T18:51:04.3571095+00:00" endTime="2012-11-19T18:51:04.4195096+00:00" testType="13cdc9d9-ddb5-4fa4-a97d-d965ccfc6d4b" outcome="Passed" testListId="8c84fa94-04c1-424b-9868-57a2d4851a1d" relativeResultsDirectory="0613ecce-56ea-4395-abec-d5d0bd8b73ce">
    </UnitTestResult>
    <UnitTestResult executionId="176c4919-54a7-41db-86be-ab9489e6b680" testId="c663d47e-ab1d-1ac9-6538-d71c98368635" testName="HomeIndexNull" computerName="OKEEMAN" duration="00:00:00.0012492" startTime="2012-11-19T18:51:04.4351097+00:00" endTime="2012-11-19T18:51:04.4507097+00:00" testType="13cdc9d9-ddb5-4fa4-a97d-d965ccfc6d4b" outcome="Passed" testListId="8c84fa94-04c1-424b-9868-57a2d4851a1d" relativeResultsDirectory="176c4919-54a7-41db-86be-ab9489e6b680">
    </UnitTestResult>
    <UnitTestResult executionId="1a826aba-bac0-418c-bc03-104504cfab1d" testId="c7ca3a05-26ba-c88b-236b-e8c9dee980e8" testName="TestDeleteConfirmedRemovesHouseFromDatabase" computerName="OKEEMAN" duration="00:00:00.4719710" startTime="2012-11-19T18:51:04.4819098+00:00" endTime="2012-11-19T18:51:04.9499106+00:00" testType="13cdc9d9-ddb5-4fa4-a97d-d965ccfc6d4b" outcome="Passed" testListId="8c84fa94-04c1-424b-9868-57a2d4851a1d" relativeResultsDirectory="1a826aba-bac0-418c-bc03-104504cfab1d">
    </UnitTestResult>
    <UnitTestResult executionId="365099b6-02f5-452c-a284-4d9387d3da9c" testId="c9401cca-1d95-5a8b-fca3-083b53847b94" testName="About" computerName="OKEEMAN" duration="00:00:00.0008045" startTime="2012-11-19T18:51:05.1371109+00:00" endTime="2012-11-19T18:51:05.1371109+00:00" testType="13cdc9d9-ddb5-4fa4-a97d-d965ccfc6d4b" outcome="Passed" testListId="8c84fa94-04c1-424b-9868-57a2d4851a1d" relativeResultsDirectory="365099b6-02f5-452c-a284-4d9387d3da9c">
    </UnitTestResult>
    <UnitTestResult executionId="d5f1c0b3-e286-4ba9-bf84-e3aaa6646d4a" testId="d65ef4b2-e6fd-57c2-fa57-80d264122521" testName="TestIndexView" computerName="OKEEMAN" duration="00:00:00.0466428" startTime="2012-11-19T18:51:05.2151110+00:00" endTime="2012-11-19T18:51:05.2775112+00:00" testType="13cdc9d9-ddb5-4fa4-a97d-d965ccfc6d4b" outcome="Passed" testListId="8c84fa94-04c1-424b-9868-57a2d4851a1d" relativeResultsDirectory="d5f1c0b3-e286-4ba9-bf84-e3aaa6646d4a">
    </UnitTestResult>
    <UnitTestResult executionId="0d6fda50-5389-4128-a80f-718568a80c8c" testId="e7bd7dfd-443e-eafe-3b6b-7b1cfd349f18" testName="TestDeleteConfirmedRedirectsToIndexAction" computerName="OKEEMAN" duration="00:00:00.4150386" startTime="2012-11-19T18:51:05.3087112+00:00" endTime="2012-11-19T18:51:05.7299119+00:00" testType="13cdc9d9-ddb5-4fa4-a97d-d965ccfc6d4b" outcome="Passed" testListId="8c84fa94-04c1-424b-9868-57a2d4851a1d" relativeResultsDirectory="0d6fda50-5389-4128-a80f-718568a80c8c">
    </UnitTestResult>
  </Results>
</TestRun>