<?xml version="1.0" encoding="UTF-8"?>
<TestRun id="11e0ba36-d221-47fd-82b6-dc428fc78efb" name="admin@OKEEMAN 2012-11-19 20:04:27" runUser="okeeman\admin" xmlns="http://microsoft.com/schemas/VisualStudio/TeamTest/2010">
  <TestSettings name="Default Test Settings" id="8c090f81-6252-4f0a-bdc5-613a5c564438">
    <Deployment runDeploymentRoot="admin_OKEEMAN 2012-11-19 20_04_27">
      <DeploymentItem filename="F:\Semester 2\EAD\Mini-project\HousingConditionWebAppOriginal\packages\NUnit.2.6.2\lib\nunit.framework.dll" />
      <DeploymentItem filename="F:\Semester 2\EAD\Mini-project\HousingConditionWebAppOriginal\HousingConditionWebApp\bin\HousingConditionWebApp.dll" />
    </Deployment>
    <Execution>
      <TestTypeSpecific />
      <AgentRule name="Execution Agents">
      </AgentRule>
    </Execution>
  </TestSettings>
  <Times creation="2012-11-19T20:04:27.8150576+00:00" queuing="2012-11-19T20:04:29.4998606+00:00" start="2012-11-19T20:04:29.5310606+00:00" finish="2012-11-19T20:04:32.7914664+00:00" />
  <ResultSummary outcome="Failed">
    <Counters total="16" executed="16" passed="15" error="0" failed="1" timeout="0" aborted="0" inconclusive="0" passedButRunAborted="0" notRunnable="0" notExecuted="0" disconnected="0" warning="0" completed="0" inProgress="0" pending="0" />
  </ResultSummary>
  <TestDefinitions>
    <UnitTest name="TestDetailsView" storage="f:\semester 2\ead\mini-project\housingconditionwebapporiginal\housingconditionwebapp.tests\bin\debug\housingconditionwebapp.tests.dll" id="a2e1f985-ee7b-62a3-f3cc-ef0dbe1784d2">
      <Execution id="18425518-4318-4057-9732-4902d442e3d3" />
      <TestMethod codeBase="F:/Semester 2/EAD/Mini-project/HousingConditionWebAppOriginal/HousingConditionWebApp.Tests/bin/Debug/HousingConditionWebApp.Tests.DLL" adapterTypeName="Microsoft.VisualStudio.TestTools.TestTypes.Unit.UnitTestAdapter, Microsoft.VisualStudio.QualityTools.Tips.UnitTest.Adapter, Version=10.0.0.0, Culture=neutral, PublicKeyToken=b03f5f7f11d50a3a" className="HousingConditionWebApp.Tests.Controllers.HouseConditionControllerTest, HousingConditionWebApp.Tests, Version=1.0.0.0, Culture=neutral, PublicKeyToken=null" name="TestDetailsView" />
    </UnitTest>
    <UnitTest name="TestEditRedisplayEditViewIfModelInvalid" storage="f:\semester 2\ead\mini-project\housingconditionwebapporiginal\housingconditionwebapp.tests\bin\debug\housingconditionwebapp.tests.dll" id="6f4b9289-b961-f3df-632b-c7142d970fe0">
      <Execution id="9fd21969-681a-4f1f-9106-074dc17e6ea8" />
      <TestMethod codeBase="F:/Semester 2/EAD/Mini-project/HousingConditionWebAppOriginal/HousingConditionWebApp.Tests/bin/Debug/HousingConditionWebApp.Tests.DLL" adapterTypeName="Microsoft.VisualStudio.TestTools.TestTypes.Unit.UnitTestAdapter, Microsoft.VisualStudio.QualityTools.Tips.UnitTest.Adapter, Version=10.0.0.0, Culture=neutral, PublicKeyToken=b03f5f7f11d50a3a" className="HousingConditionWebApp.Tests.Controllers.HouseConditionControllerTest, HousingConditionWebApp.Tests, Version=1.0.0.0, Culture=neutral, PublicKeyToken=null" name="TestEditRedisplayEditViewIfModelInvalid" />
    </UnitTest>
    <UnitTest name="TestCreateView" storage="f:\semester 2\ead\mini-project\housingconditionwebapporiginal\housingconditionwebapp.tests\bin\debug\housingconditionwebapp.tests.dll" id="59053fe6-ee91-4748-f8f7-5e580b606234">
      <Execution id="62acf6bf-ef6a-4dff-ac03-c1bea3b116b4" />
      <TestMethod codeBase="F:/Semester 2/EAD/Mini-project/HousingConditionWebAppOriginal/HousingConditionWebApp.Tests/bin/Debug/HousingConditionWebApp.Tests.DLL" adapterTypeName="Microsoft.VisualStudio.TestTools.TestTypes.Unit.UnitTestAdapter, Microsoft.VisualStudio.QualityTools.Tips.UnitTest.Adapter, Version=10.0.0.0, Culture=neutral, PublicKeyToken=b03f5f7f11d50a3a" className="HousingConditionWebApp.Tests.Controllers.HouseConditionControllerTest, HousingConditionWebApp.Tests, Version=1.0.0.0, Culture=neutral, PublicKeyToken=null" name="TestCreateView" />
    </UnitTest>
    <UnitTest name="TestCreateActionHouseNotAddedToDatabaseIfModelInvalid" storage="f:\semester 2\ead\mini-project\housingconditionwebapporiginal\housingconditionwebapp.tests\bin\debug\housingconditionwebapp.tests.dll" id="a9fffc86-8deb-708f-6d21-7cb2501c155e">
      <Execution id="cfca7f7e-20a2-46a2-a1cb-6260ae005223" />
      <TestMethod codeBase="F:/Semester 2/EAD/Mini-project/HousingConditionWebAppOriginal/HousingConditionWebApp.Tests/bin/Debug/HousingConditionWebApp.Tests.DLL" adapterTypeName="Microsoft.VisualStudio.TestTools.TestTypes.Unit.UnitTestAdapter, Microsoft.VisualStudio.QualityTools.Tips.UnitTest.Adapter, Version=10.0.0.0, Culture=neutral, PublicKeyToken=b03f5f7f11d50a3a" className="HousingConditionWebApp.Tests.Controllers.HouseConditionControllerTest, HousingConditionWebApp.Tests, Version=1.0.0.0, Culture=neutral, PublicKeyToken=null" name="TestCreateActionHouseNotAddedToDatabaseIfModelInvalid" />
    </UnitTest>
    <UnitTest name="TestEditView" storage="f:\semester 2\ead\mini-project\housingconditionwebapporiginal\housingconditionwebapp.tests\bin\debug\housingconditionwebapp.tests.dll" id="4f22d8f3-9ae8-caf6-302a-2c751b24c352">
      <Execution id="5563132c-2ef8-4ad5-a040-e58c5928ae81" />
      <TestMethod codeBase="F:/Semester 2/EAD/Mini-project/HousingConditionWebAppOriginal/HousingConditionWebApp.Tests/bin/Debug/HousingConditionWebApp.Tests.DLL" adapterTypeName="Microsoft.VisualStudio.TestTools.TestTypes.Unit.UnitTestAdapter, Microsoft.VisualStudio.QualityTools.Tips.UnitTest.Adapter, Version=10.0.0.0, Culture=neutral, PublicKeyToken=b03f5f7f11d50a3a" className="HousingConditionWebApp.Tests.Controllers.HouseConditionControllerTest, HousingConditionWebApp.Tests, Version=1.0.0.0, Culture=neutral, PublicKeyToken=null" name="TestEditView" />
    </UnitTest>
    <UnitTest name="TestCreateRedisplayCreateViewIfModelInvalid" storage="f:\semester 2\ead\mini-project\housingconditionwebapporiginal\housingconditionwebapp.tests\bin\debug\housingconditionwebapp.tests.dll" id="0f023dbc-191e-2b4e-f184-004d0c8f416a">
      <Execution id="35af4197-a6b1-49d6-b30e-f76caefaf979" />
      <TestMethod codeBase="F:/Semester 2/EAD/Mini-project/HousingConditionWebAppOriginal/HousingConditionWebApp.Tests/bin/Debug/HousingConditionWebApp.Tests.DLL" adapterTypeName="Microsoft.VisualStudio.TestTools.TestTypes.Unit.UnitTestAdapter, Microsoft.VisualStudio.QualityTools.Tips.UnitTest.Adapter, Version=10.0.0.0, Culture=neutral, PublicKeyToken=b03f5f7f11d50a3a" className="HousingConditionWebApp.Tests.Controllers.HouseConditionControllerTest, HousingConditionWebApp.Tests, Version=1.0.0.0, Culture=neutral, PublicKeyToken=null" name="TestCreateRedisplayCreateViewIfModelInvalid" />
    </UnitTest>
    <UnitTest name="TestHomeIndexRedirect" storage="f:\semester 2\ead\mini-project\housingconditionwebapporiginal\housingconditionwebapp.tests\bin\debug\housingconditionwebapp.tests.dll" id="6ac90b8b-5a1c-5977-5e3e-af31b3ed8b8d">
      <Execution id="98ed3f7e-462e-4f7d-a688-fd7685f1e567" />
      <TestMethod codeBase="F:/Semester 2/EAD/Mini-project/HousingConditionWebAppOriginal/HousingConditionWebApp.Tests/bin/Debug/HousingConditionWebApp.Tests.DLL" adapterTypeName="Microsoft.VisualStudio.TestTools.TestTypes.Unit.UnitTestAdapter, Microsoft.VisualStudio.QualityTools.Tips.UnitTest.Adapter, Version=10.0.0.0, Culture=neutral, PublicKeyToken=b03f5f7f11d50a3a" className="HousingConditionWebApp.Tests.Controllers.HomeControllerTest, HousingConditionWebApp.Tests, Version=1.0.0.0, Culture=neutral, PublicKeyToken=null" name="TestHomeIndexRedirect" />
    </UnitTest>
    <UnitTest name="TestAboutView" storage="f:\semester 2\ead\mini-project\housingconditionwebapporiginal\housingconditionwebapp.tests\bin\debug\housingconditionwebapp.tests.dll" id="6e57bb0f-febe-1788-0ae6-4de9335f39e5">
      <Execution id="f5d3edc2-e4d9-4ca1-bbe1-c9d328fc383b" />
      <TestMethod codeBase="F:/Semester 2/EAD/Mini-project/HousingConditionWebAppOriginal/HousingConditionWebApp.Tests/bin/Debug/HousingConditionWebApp.Tests.DLL" adapterTypeName="Microsoft.VisualStudio.TestTools.TestTypes.Unit.UnitTestAdapter, Microsoft.VisualStudio.QualityTools.Tips.UnitTest.Adapter, Version=10.0.0.0, Culture=neutral, PublicKeyToken=b03f5f7f11d50a3a" className="HousingConditionWebApp.Tests.Controllers.HomeControllerTest, HousingConditionWebApp.Tests, Version=1.0.0.0, Culture=neutral, PublicKeyToken=null" name="TestAboutView" />
    </UnitTest>
    <UnitTest name="TestDeleteConfirmedRedirectsToIndexAction" storage="f:\semester 2\ead\mini-project\housingconditionwebapporiginal\housingconditionwebapp.tests\bin\debug\housingconditionwebapp.tests.dll" id="e7bd7dfd-443e-eafe-3b6b-7b1cfd349f18">
      <Execution id="2c18d285-2214-4d2c-a703-6e6aedb99de1" />
      <TestMethod codeBase="F:/Semester 2/EAD/Mini-project/HousingConditionWebAppOriginal/HousingConditionWebApp.Tests/bin/Debug/HousingConditionWebApp.Tests.DLL" adapterTypeName="Microsoft.VisualStudio.TestTools.TestTypes.Unit.UnitTestAdapter, Microsoft.VisualStudio.QualityTools.Tips.UnitTest.Adapter, Version=10.0.0.0, Culture=neutral, PublicKeyToken=b03f5f7f11d50a3a" className="HousingConditionWebApp.Tests.Controllers.HouseConditionControllerTest, HousingConditionWebApp.Tests, Version=1.0.0.0, Culture=neutral, PublicKeyToken=null" name="TestDeleteConfirmedRedirectsToIndexAction" />
    </UnitTest>
    <UnitTest name="TestIndexView" storage="f:\semester 2\ead\mini-project\housingconditionwebapporiginal\housingconditionwebapp.tests\bin\debug\housingconditionwebapp.tests.dll" id="d65ef4b2-e6fd-57c2-fa57-80d264122521">
      <Execution id="d198ab7c-758b-4c59-942c-6d59ad92696a" />
      <TestMethod codeBase="F:/Semester 2/EAD/Mini-project/HousingConditionWebAppOriginal/HousingConditionWebApp.Tests/bin/Debug/HousingConditionWebApp.Tests.DLL" adapterTypeName="Microsoft.VisualStudio.TestTools.TestTypes.Unit.UnitTestAdapter, Microsoft.VisualStudio.QualityTools.Tips.UnitTest.Adapter, Version=10.0.0.0, Culture=neutral, PublicKeyToken=b03f5f7f11d50a3a" className="HousingConditionWebApp.Tests.Controllers.HouseConditionControllerTest, HousingConditionWebApp.Tests, Version=1.0.0.0, Culture=neutral, PublicKeyToken=null" name="TestIndexView" />
    </UnitTest>
    <UnitTest name="TestDetailsReturnCorrectData" storage="f:\semester 2\ead\mini-project\housingconditionwebapporiginal\housingconditionwebapp.tests\bin\debug\housingconditionwebapp.tests.dll" id="29ff4163-9aba-8c1f-cbe0-66828d2fa1e6">
      <Execution id="e066dfca-9ac7-4c0b-8ddb-8e09d6737ae3" />
      <TestMethod codeBase="F:/Semester 2/EAD/Mini-project/HousingConditionWebAppOriginal/HousingConditionWebApp.Tests/bin/Debug/HousingConditionWebApp.Tests.DLL" adapterTypeName="Microsoft.VisualStudio.TestTools.TestTypes.Unit.UnitTestAdapter, Microsoft.VisualStudio.QualityTools.Tips.UnitTest.Adapter, Version=10.0.0.0, Culture=neutral, PublicKeyToken=b03f5f7f11d50a3a" className="HousingConditionWebApp.Tests.Controllers.HouseConditionControllerTest, HousingConditionWebApp.Tests, Version=1.0.0.0, Culture=neutral, PublicKeyToken=null" name="TestDetailsReturnCorrectData" />
    </UnitTest>
    <UnitTest name="TestCreateRedirectIfModelValid" storage="f:\semester 2\ead\mini-project\housingconditionwebapporiginal\housingconditionwebapp.tests\bin\debug\housingconditionwebapp.tests.dll" id="74294699-f3ab-cc57-2013-31ff43e6ab0f">
      <Execution id="4c6adf74-46df-4623-8759-aa9bb986930a" />
      <TestMethod codeBase="F:/Semester 2/EAD/Mini-project/HousingConditionWebAppOriginal/HousingConditionWebApp.Tests/bin/Debug/HousingConditionWebApp.Tests.DLL" adapterTypeName="Microsoft.VisualStudio.TestTools.TestTypes.Unit.UnitTestAdapter, Microsoft.VisualStudio.QualityTools.Tips.UnitTest.Adapter, Version=10.0.0.0, Culture=neutral, PublicKeyToken=b03f5f7f11d50a3a" className="HousingConditionWebApp.Tests.Controllers.HouseConditionControllerTest, HousingConditionWebApp.Tests, Version=1.0.0.0, Culture=neutral, PublicKeyToken=null" name="TestCreateRedirectIfModelValid" />
    </UnitTest>
    <UnitTest name="TestDeleteView" storage="f:\semester 2\ead\mini-project\housingconditionwebapporiginal\housingconditionwebapp.tests\bin\debug\housingconditionwebapp.tests.dll" id="46188ee2-ebed-9b53-beac-aaeecba5b414">
      <Execution id="f0cb3a36-9a7c-431b-9cba-9bd464d18af5" />
      <TestMethod codeBase="F:/Semester 2/EAD/Mini-project/HousingConditionWebAppOriginal/HousingConditionWebApp.Tests/bin/Debug/HousingConditionWebApp.Tests.DLL" adapterTypeName="Microsoft.VisualStudio.TestTools.TestTypes.Unit.UnitTestAdapter, Microsoft.VisualStudio.QualityTools.Tips.UnitTest.Adapter, Version=10.0.0.0, Culture=neutral, PublicKeyToken=b03f5f7f11d50a3a" className="HousingConditionWebApp.Tests.Controllers.HouseConditionControllerTest, HousingConditionWebApp.Tests, Version=1.0.0.0, Culture=neutral, PublicKeyToken=null" name="TestDeleteView" />
    </UnitTest>
    <UnitTest name="HomeIndexNull" storage="f:\semester 2\ead\mini-project\housingconditionwebapporiginal\housingconditionwebapp.tests\bin\debug\housingconditionwebapp.tests.dll" id="c663d47e-ab1d-1ac9-6538-d71c98368635">
      <Execution id="9d14b368-9e68-4a03-bf82-570a098c2a8a" />
      <TestMethod codeBase="F:/Semester 2/EAD/Mini-project/HousingConditionWebAppOriginal/HousingConditionWebApp.Tests/bin/Debug/HousingConditionWebApp.Tests.DLL" adapterTypeName="Microsoft.VisualStudio.TestTools.TestTypes.Unit.UnitTestAdapter, Microsoft.VisualStudio.QualityTools.Tips.UnitTest.Adapter, Version=10.0.0.0, Culture=neutral, PublicKeyToken=b03f5f7f11d50a3a" className="HousingConditionWebApp.Tests.Controllers.HomeControllerTest, HousingConditionWebApp.Tests, Version=1.0.0.0, Culture=neutral, PublicKeyToken=null" name="HomeIndexNull" />
    </UnitTest>
    <UnitTest name="TestEditRedirectIfModelValid" storage="f:\semester 2\ead\mini-project\housingconditionwebapporiginal\housingconditionwebapp.tests\bin\debug\housingconditionwebapp.tests.dll" id="93f87eff-5405-d627-3430-20853c8061e9">
      <Execution id="2a56af65-4b6e-44c6-89e6-dceebeb66cc5" />
      <TestMethod codeBase="F:/Semester 2/EAD/Mini-project/HousingConditionWebAppOriginal/HousingConditionWebApp.Tests/bin/Debug/HousingConditionWebApp.Tests.DLL" adapterTypeName="Microsoft.VisualStudio.TestTools.TestTypes.Unit.UnitTestAdapter, Microsoft.VisualStudio.QualityTools.Tips.UnitTest.Adapter, Version=10.0.0.0, Culture=neutral, PublicKeyToken=b03f5f7f11d50a3a" className="HousingConditionWebApp.Tests.Controllers.HouseConditionControllerTest, HousingConditionWebApp.Tests, Version=1.0.0.0, Culture=neutral, PublicKeyToken=null" name="TestEditRedirectIfModelValid" />
    </UnitTest>
    <UnitTest name="TestDeleteConfirmedRemovesHouseFromDatabase" storage="f:\semester 2\ead\mini-project\housingconditionwebapporiginal\housingconditionwebapp.tests\bin\debug\housingconditionwebapp.tests.dll" id="c7ca3a05-26ba-c88b-236b-e8c9dee980e8">
      <Execution id="720373fb-83f1-4fa2-b111-a22ce2a86242" />
      <TestMethod codeBase="F:/Semester 2/EAD/Mini-project/HousingConditionWebAppOriginal/HousingConditionWebApp.Tests/bin/Debug/HousingConditionWebApp.Tests.DLL" adapterTypeName="Microsoft.VisualStudio.TestTools.TestTypes.Unit.UnitTestAdapter, Microsoft.VisualStudio.QualityTools.Tips.UnitTest.Adapter, Version=10.0.0.0, Culture=neutral, PublicKeyToken=b03f5f7f11d50a3a" className="HousingConditionWebApp.Tests.Controllers.HouseConditionControllerTest, HousingConditionWebApp.Tests, Version=1.0.0.0, Culture=neutral, PublicKeyToken=null" name="TestDeleteConfirmedRemovesHouseFromDatabase" />
    </UnitTest>
  </TestDefinitions>
  <TestLists>
    <TestList name="Results Not in a List" id="8c84fa94-04c1-424b-9868-57a2d4851a1d" />
    <TestList name="All Loaded Results" id="19431567-8539-422a-85d7-44ee4e166bda" />
  </TestLists>
  <TestEntries>
    <TestEntry testId="0f023dbc-191e-2b4e-f184-004d0c8f416a" executionId="35af4197-a6b1-49d6-b30e-f76caefaf979" testListId="8c84fa94-04c1-424b-9868-57a2d4851a1d" />
    <TestEntry testId="29ff4163-9aba-8c1f-cbe0-66828d2fa1e6" executionId="e066dfca-9ac7-4c0b-8ddb-8e09d6737ae3" testListId="8c84fa94-04c1-424b-9868-57a2d4851a1d" />
    <TestEntry testId="46188ee2-ebed-9b53-beac-aaeecba5b414" executionId="f0cb3a36-9a7c-431b-9cba-9bd464d18af5" testListId="8c84fa94-04c1-424b-9868-57a2d4851a1d" />
    <TestEntry testId="4f22d8f3-9ae8-caf6-302a-2c751b24c352" executionId="5563132c-2ef8-4ad5-a040-e58c5928ae81" testListId="8c84fa94-04c1-424b-9868-57a2d4851a1d" />
    <TestEntry testId="59053fe6-ee91-4748-f8f7-5e580b606234" executionId="62acf6bf-ef6a-4dff-ac03-c1bea3b116b4" testListId="8c84fa94-04c1-424b-9868-57a2d4851a1d" />
    <TestEntry testId="6ac90b8b-5a1c-5977-5e3e-af31b3ed8b8d" executionId="98ed3f7e-462e-4f7d-a688-fd7685f1e567" testListId="8c84fa94-04c1-424b-9868-57a2d4851a1d" />
    <TestEntry testId="6e57bb0f-febe-1788-0ae6-4de9335f39e5" executionId="f5d3edc2-e4d9-4ca1-bbe1-c9d328fc383b" testListId="8c84fa94-04c1-424b-9868-57a2d4851a1d" />
    <TestEntry testId="6f4b9289-b961-f3df-632b-c7142d970fe0" executionId="9fd21969-681a-4f1f-9106-074dc17e6ea8" testListId="8c84fa94-04c1-424b-9868-57a2d4851a1d" />
    <TestEntry testId="74294699-f3ab-cc57-2013-31ff43e6ab0f" executionId="4c6adf74-46df-4623-8759-aa9bb986930a" testListId="8c84fa94-04c1-424b-9868-57a2d4851a1d" />
    <TestEntry testId="93f87eff-5405-d627-3430-20853c8061e9" executionId="2a56af65-4b6e-44c6-89e6-dceebeb66cc5" testListId="8c84fa94-04c1-424b-9868-57a2d4851a1d" />
    <TestEntry testId="a2e1f985-ee7b-62a3-f3cc-ef0dbe1784d2" executionId="18425518-4318-4057-9732-4902d442e3d3" testListId="8c84fa94-04c1-424b-9868-57a2d4851a1d" />
    <TestEntry testId="a9fffc86-8deb-708f-6d21-7cb2501c155e" executionId="cfca7f7e-20a2-46a2-a1cb-6260ae005223" testListId="8c84fa94-04c1-424b-9868-57a2d4851a1d" />
    <TestEntry testId="c663d47e-ab1d-1ac9-6538-d71c98368635" executionId="9d14b368-9e68-4a03-bf82-570a098c2a8a" testListId="8c84fa94-04c1-424b-9868-57a2d4851a1d" />
    <TestEntry testId="c7ca3a05-26ba-c88b-236b-e8c9dee980e8" executionId="720373fb-83f1-4fa2-b111-a22ce2a86242" testListId="8c84fa94-04c1-424b-9868-57a2d4851a1d" />
    <TestEntry testId="d65ef4b2-e6fd-57c2-fa57-80d264122521" executionId="d198ab7c-758b-4c59-942c-6d59ad92696a" testListId="8c84fa94-04c1-424b-9868-57a2d4851a1d" />
    <TestEntry testId="e7bd7dfd-443e-eafe-3b6b-7b1cfd349f18" executionId="2c18d285-2214-4d2c-a703-6e6aedb99de1" testListId="8c84fa94-04c1-424b-9868-57a2d4851a1d" />
  </TestEntries>
  <Results>
    <UnitTestResult executionId="35af4197-a6b1-49d6-b30e-f76caefaf979" testId="0f023dbc-191e-2b4e-f184-004d0c8f416a" testName="TestCreateRedisplayCreateViewIfModelInvalid" computerName="OKEEMAN" duration="00:00:00.0571871" startTime="2012-11-19T20:04:29.5622607+00:00" endTime="2012-11-19T20:04:29.8118611+00:00" testType="13cdc9d9-ddb5-4fa4-a97d-d965ccfc6d4b" outcome="Passed" testListId="8c84fa94-04c1-424b-9868-57a2d4851a1d" relativeResultsDirectory="35af4197-a6b1-49d6-b30e-f76caefaf979">
    </UnitTestResult>
    <UnitTestResult executionId="e066dfca-9ac7-4c0b-8ddb-8e09d6737ae3" testId="29ff4163-9aba-8c1f-cbe0-66828d2fa1e6" testName="TestDetailsReturnCorrectData" computerName="OKEEMAN" duration="00:00:00.3787148" startTime="2012-11-19T20:04:29.8274611+00:00" endTime="2012-11-19T20:04:30.2018618+00:00" testType="13cdc9d9-ddb5-4fa4-a97d-d965ccfc6d4b" outcome="Passed" testListId="8c84fa94-04c1-424b-9868-57a2d4851a1d" relativeResultsDirectory="e066dfca-9ac7-4c0b-8ddb-8e09d6737ae3">
    </UnitTestResult>
    <UnitTestResult executionId="f0cb3a36-9a7c-431b-9cba-9bd464d18af5" testId="46188ee2-ebed-9b53-beac-aaeecba5b414" testName="TestDeleteView" computerName="OKEEMAN" duration="00:00:00.0511630" startTime="2012-11-19T20:04:30.2330619+00:00" endTime="2012-11-19T20:04:30.2954620+00:00" testType="13cdc9d9-ddb5-4fa4-a97d-d965ccfc6d4b" outcome="Passed" testListId="8c84fa94-04c1-424b-9868-57a2d4851a1d" relativeResultsDirectory="f0cb3a36-9a7c-431b-9cba-9bd464d18af5">
    </UnitTestResult>
    <UnitTestResult executionId="5563132c-2ef8-4ad5-a040-e58c5928ae81" testId="4f22d8f3-9ae8-caf6-302a-2c751b24c352" testName="TestEditView" computerName="OKEEMAN" duration="00:00:00.0511400" startTime="2012-11-19T20:04:30.3266620+00:00" endTime="2012-11-19T20:04:30.3890621+00:00" testType="13cdc9d9-ddb5-4fa4-a97d-d965ccfc6d4b" outcome="Passed" testListId="8c84fa94-04c1-424b-9868-57a2d4851a1d" relativeResultsDirectory="5563132c-2ef8-4ad5-a040-e58c5928ae81">
    </UnitTestResult>
    <UnitTestResult executionId="62acf6bf-ef6a-4dff-ac03-c1bea3b116b4" testId="59053fe6-ee91-4748-f8f7-5e580b606234" testName="TestCreateView" computerName="OKEEMAN" duration="00:00:00.0018565" startTime="2012-11-19T20:04:30.4046622+00:00" endTime="2012-11-19T20:04:30.4202622+00:00" testType="13cdc9d9-ddb5-4fa4-a97d-d965ccfc6d4b" outcome="Passed" testListId="8c84fa94-04c1-424b-9868-57a2d4851a1d" relativeResultsDirectory="62acf6bf-ef6a-4dff-ac03-c1bea3b116b4">
    </UnitTestResult>
    <UnitTestResult executionId="98ed3f7e-462e-4f7d-a688-fd7685f1e567" testId="6ac90b8b-5a1c-5977-5e3e-af31b3ed8b8d" testName="TestHomeIndexRedirect" computerName="OKEEMAN" duration="00:00:00.0020455" startTime="2012-11-19T20:04:30.4514622+00:00" endTime="2012-11-19T20:04:30.4670623+00:00" testType="13cdc9d9-ddb5-4fa4-a97d-d965ccfc6d4b" outcome="Passed" testListId="8c84fa94-04c1-424b-9868-57a2d4851a1d" relativeResultsDirectory="98ed3f7e-462e-4f7d-a688-fd7685f1e567">
    </UnitTestResult>
    <UnitTestResult executionId="f5d3edc2-e4d9-4ca1-bbe1-c9d328fc383b" testId="6e57bb0f-febe-1788-0ae6-4de9335f39e5" testName="TestAboutView" computerName="OKEEMAN" duration="00:00:00.0002942" startTime="2012-11-19T20:04:30.4826623+00:00" endTime="2012-11-19T20:04:30.4826623+00:00" testType="13cdc9d9-ddb5-4fa4-a97d-d965ccfc6d4b" outcome="Passed" testListId="8c84fa94-04c1-424b-9868-57a2d4851a1d" relativeResultsDirectory="f5d3edc2-e4d9-4ca1-bbe1-c9d328fc383b">
    </UnitTestResult>
    <UnitTestResult executionId="9fd21969-681a-4f1f-9106-074dc17e6ea8" testId="6f4b9289-b961-f3df-632b-c7142d970fe0" testName="TestEditRedisplayEditViewIfModelInvalid" computerName="OKEEMAN" duration="00:00:00.0024844" startTime="2012-11-19T20:04:30.5138624+00:00" endTime="2012-11-19T20:04:30.5138624+00:00" testType="13cdc9d9-ddb5-4fa4-a97d-d965ccfc6d4b" outcome="Passed" testListId="8c84fa94-04c1-424b-9868-57a2d4851a1d" relativeResultsDirectory="9fd21969-681a-4f1f-9106-074dc17e6ea8">
    </UnitTestResult>
    <UnitTestResult executionId="4c6adf74-46df-4623-8759-aa9bb986930a" testId="74294699-f3ab-cc57-2013-31ff43e6ab0f" testName="TestCreateRedirectIfModelValid" computerName="OKEEMAN" duration="00:00:00.3500472" startTime="2012-11-19T20:04:30.5450624+00:00" endTime="2012-11-19T20:04:30.9038630+00:00" testType="13cdc9d9-ddb5-4fa4-a97d-d965ccfc6d4b" outcome="Passed" testListId="8c84fa94-04c1-424b-9868-57a2d4851a1d" relativeResultsDirectory="4c6adf74-46df-4623-8759-aa9bb986930a">
    </UnitTestResult>
    <UnitTestResult executionId="2a56af65-4b6e-44c6-89e6-dceebeb66cc5" testId="93f87eff-5405-d627-3430-20853c8061e9" testName="TestEditRedirectIfModelValid" computerName="OKEEMAN" duration="00:00:00.2311397" startTime="2012-11-19T20:04:30.9350631+00:00" endTime="2012-11-19T20:04:31.1690635+00:00" testType="13cdc9d9-ddb5-4fa4-a97d-d965ccfc6d4b" outcome="Failed" testListId="8c84fa94-04c1-424b-9868-57a2d4851a1d" relativeResultsDirectory="2a56af65-4b6e-44c6-89e6-dceebeb66cc5">
      <Output>
        <ErrorInfo>
          <Message>Test method HousingConditionWebApp.Tests.Controllers.HouseConditionControllerTest.TestEditRedirectIfModelValid threw exception: 
System.InvalidOperationException: Sequence contains more than one element</Message>
          <StackTrace>    at System.Linq.Enumerable.Single[TSource](IEnumerable`1 source)
   at System.Data.Objects.ELinq.ObjectQueryProvider.&lt;GetElementFunction&gt;b__3[TResult](IEnumerable`1 sequence)
   at System.Data.Objects.ELinq.ObjectQueryProvider.ExecuteSingle[TResult](IEnumerable`1 query, Expression queryRoot)
   at System.Data.Objects.ELinq.ObjectQueryProvider.System.Linq.IQueryProvider.Execute[S](Expression expression)
   at System.Linq.Queryable.Single[TSource](IQueryable`1 source, Expression`1 predicate)
   at HousingConditionWebApp.Tests.Controllers.HouseConditionControllerTest.TestEditRedirectIfModelValid() in F:\Semester 2\EAD\Mini-project\HousingConditionWebAppOriginal\HousingConditionWebApp.Tests\Controllers\HouseConditionControllerTest.cs:line 124
</StackTrace>
        </ErrorInfo>
      </Output>
    </UnitTestResult>
    <UnitTestResult executionId="18425518-4318-4057-9732-4902d442e3d3" testId="a2e1f985-ee7b-62a3-f3cc-ef0dbe1784d2" testName="TestDetailsView" computerName="OKEEMAN" duration="00:00:00.0466182" startTime="2012-11-19T20:04:31.1846635+00:00" endTime="2012-11-19T20:04:31.2314636+00:00" testType="13cdc9d9-ddb5-4fa4-a97d-d965ccfc6d4b" outcome="Passed" testListId="8c84fa94-04c1-424b-9868-57a2d4851a1d" relativeResultsDirectory="18425518-4318-4057-9732-4902d442e3d3">
    </UnitTestResult>
    <UnitTestResult executionId="cfca7f7e-20a2-46a2-a1cb-6260ae005223" testId="a9fffc86-8deb-708f-6d21-7cb2501c155e" testName="TestCreateActionHouseNotAddedToDatabaseIfModelInvalid" computerName="OKEEMAN" duration="00:00:00.0605575" startTime="2012-11-19T20:04:31.2626637+00:00" endTime="2012-11-19T20:04:31.3250638+00:00" testType="13cdc9d9-ddb5-4fa4-a97d-d965ccfc6d4b" outcome="Passed" testListId="8c84fa94-04c1-424b-9868-57a2d4851a1d" relativeResultsDirectory="cfca7f7e-20a2-46a2-a1cb-6260ae005223">
    </UnitTestResult>
    <UnitTestResult executionId="9d14b368-9e68-4a03-bf82-570a098c2a8a" testId="c663d47e-ab1d-1ac9-6538-d71c98368635" testName="HomeIndexNull" computerName="OKEEMAN" duration="00:00:00.0005387" startTime="2012-11-19T20:04:31.3562638+00:00" endTime="2012-11-19T20:04:31.3718639+00:00" testType="13cdc9d9-ddb5-4fa4-a97d-d965ccfc6d4b" outcome="Passed" testListId="8c84fa94-04c1-424b-9868-57a2d4851a1d" relativeResultsDirectory="9d14b368-9e68-4a03-bf82-570a098c2a8a">
    </UnitTestResult>
    <UnitTestResult executionId="720373fb-83f1-4fa2-b111-a22ce2a86242" testId="c7ca3a05-26ba-c88b-236b-e8c9dee980e8" testName="TestDeleteConfirmedRemovesHouseFromDatabase" computerName="OKEEMAN" duration="00:00:00.3864972" startTime="2012-11-19T20:04:31.3874639+00:00" endTime="2012-11-19T20:04:31.7930646+00:00" testType="13cdc9d9-ddb5-4fa4-a97d-d965ccfc6d4b" outcome="Passed" testListId="8c84fa94-04c1-424b-9868-57a2d4851a1d" relativeResultsDirectory="720373fb-83f1-4fa2-b111-a22ce2a86242">
    </UnitTestResult>
    <UnitTestResult executionId="d198ab7c-758b-4c59-942c-6d59ad92696a" testId="d65ef4b2-e6fd-57c2-fa57-80d264122521" testName="TestIndexView" computerName="OKEEMAN" duration="00:00:00.0480100" startTime="2012-11-19T20:04:31.9646649+00:00" endTime="2012-11-19T20:04:32.0270650+00:00" testType="13cdc9d9-ddb5-4fa4-a97d-d965ccfc6d4b" outcome="Passed" testListId="8c84fa94-04c1-424b-9868-57a2d4851a1d" relativeResultsDirectory="d198ab7c-758b-4c59-942c-6d59ad92696a">
    </UnitTestResult>
    <UnitTestResult executionId="2c18d285-2214-4d2c-a703-6e6aedb99de1" testId="e7bd7dfd-443e-eafe-3b6b-7b1cfd349f18" testName="TestDeleteConfirmedRedirectsToIndexAction" computerName="OKEEMAN" duration="00:00:00.3426400" startTime="2012-11-19T20:04:32.1674653+00:00" endTime="2012-11-19T20:04:32.5262659+00:00" testType="13cdc9d9-ddb5-4fa4-a97d-d965ccfc6d4b" outcome="Passed" testListId="8c84fa94-04c1-424b-9868-57a2d4851a1d" relativeResultsDirectory="2c18d285-2214-4d2c-a703-6e6aedb99de1">
    </UnitTestResult>
  </Results>
</TestRun>