<?xml version="1.0" encoding="UTF-8"?>
<TestRun id="76c1fa97-f7ad-4f45-85b8-8688bfeeacb8" name="admin@OKEEMAN 2012-11-28 16:32:10" runUser="okeeman\admin" xmlns="http://microsoft.com/schemas/VisualStudio/TeamTest/2010">
  <TestSettings name="Default Test Settings" id="fcd746f2-a2d4-4cb3-9e9c-4d528e2ea310">
    <Deployment runDeploymentRoot="admin_OKEEMAN 2012-11-28 16_32_10">
      <DeploymentItem filename="F:\Semester 2\EAD\Mini-project\HouseRepairMVC\HouseRepairMVC\bin\HouseRepairMVC.dll" />
    </Deployment>
    <Execution>
      <TestTypeSpecific />
      <AgentRule name="Execution Agents">
      </AgentRule>
    </Execution>
  </TestSettings>
  <Times creation="2012-11-28T16:32:10.4379337+00:00" queuing="2012-11-28T16:32:11.4929488+00:00" start="2012-11-28T16:32:11.4929488+00:00" finish="2012-11-28T16:32:21.7129632+00:00" />
  <ResultSummary outcome="Failed">
    <Counters total="15" executed="15" passed="10" error="0" failed="5" timeout="0" aborted="0" inconclusive="0" passedButRunAborted="0" notRunnable="0" notExecuted="0" disconnected="0" warning="0" completed="0" inProgress="0" pending="0" />
  </ResultSummary>
  <TestDefinitions>
    <UnitTest name="TestDeleteConfirmedRemovesHouseFromDatabase" storage="f:\semester 2\ead\mini-project\houserepairmvc\houserepairmvc.tests\bin\debug\houserepairmvc.tests.dll" id="27f83c98-628f-bb79-faa3-2de0485b9b50">
      <Execution id="2a18fabd-61ef-4899-8f5c-9295d46b2395" />
      <TestMethod codeBase="F:/Semester 2/EAD/Mini-project/HouseRepairMVC/HouseRepairMVC.Tests/bin/Debug/HouseRepairMVC.Tests.DLL" adapterTypeName="Microsoft.VisualStudio.TestTools.TestTypes.Unit.UnitTestAdapter, Microsoft.VisualStudio.QualityTools.Tips.UnitTest.Adapter, Version=10.0.0.0, Culture=neutral, PublicKeyToken=b03f5f7f11d50a3a" className="HouseRepairMVC.Tests.Controllers.HouseConditionControllerIntegrationTests, HouseRepairMVC.Tests, Version=1.0.0.0, Culture=neutral, PublicKeyToken=null" name="TestDeleteConfirmedRemovesHouseFromDatabase" />
    </UnitTest>
    <UnitTest name="TestIndexView" storage="f:\semester 2\ead\mini-project\houserepairmvc\houserepairmvc.tests\bin\debug\houserepairmvc.tests.dll" id="85f3993f-0771-4488-53a0-74e4c57830d2">
      <Execution id="c6057315-75b8-49ad-b969-f7191dbd17a9" />
      <TestMethod codeBase="F:/Semester 2/EAD/Mini-project/HouseRepairMVC/HouseRepairMVC.Tests/bin/Debug/HouseRepairMVC.Tests.DLL" adapterTypeName="Microsoft.VisualStudio.TestTools.TestTypes.Unit.UnitTestAdapter, Microsoft.VisualStudio.QualityTools.Tips.UnitTest.Adapter, Version=10.0.0.0, Culture=neutral, PublicKeyToken=b03f5f7f11d50a3a" className="HouseRepairMVC.Tests.Controllers.HouseConditionControllerIntegrationTests, HouseRepairMVC.Tests, Version=1.0.0.0, Culture=neutral, PublicKeyToken=null" name="TestIndexView" />
    </UnitTest>
    <UnitTest name="TestCreateView" storage="f:\semester 2\ead\mini-project\houserepairmvc\houserepairmvc.tests\bin\debug\houserepairmvc.tests.dll" id="60d76e45-31a2-a9a8-fb86-ea985b4e34fc">
      <Execution id="71fa88bb-dac4-4763-8cf0-e32b45e8e79a" />
      <TestMethod codeBase="F:/Semester 2/EAD/Mini-project/HouseRepairMVC/HouseRepairMVC.Tests/bin/Debug/HouseRepairMVC.Tests.DLL" adapterTypeName="Microsoft.VisualStudio.TestTools.TestTypes.Unit.UnitTestAdapter, Microsoft.VisualStudio.QualityTools.Tips.UnitTest.Adapter, Version=10.0.0.0, Culture=neutral, PublicKeyToken=b03f5f7f11d50a3a" className="HouseRepairMVC.Tests.Controllers.HouseConditionControllerIntegrationTests, HouseRepairMVC.Tests, Version=1.0.0.0, Culture=neutral, PublicKeyToken=null" name="TestCreateView" />
    </UnitTest>
    <UnitTest name="TestEditRedisplayEditViewIfModelInvalid" storage="f:\semester 2\ead\mini-project\houserepairmvc\houserepairmvc.tests\bin\debug\houserepairmvc.tests.dll" id="931d3e6c-d471-539b-7d5d-4bb6d53562d1">
      <Execution id="e9f4c03d-9ae8-4757-9137-83dd5622babf" />
      <TestMethod codeBase="F:/Semester 2/EAD/Mini-project/HouseRepairMVC/HouseRepairMVC.Tests/bin/Debug/HouseRepairMVC.Tests.DLL" adapterTypeName="Microsoft.VisualStudio.TestTools.TestTypes.Unit.UnitTestAdapter, Microsoft.VisualStudio.QualityTools.Tips.UnitTest.Adapter, Version=10.0.0.0, Culture=neutral, PublicKeyToken=b03f5f7f11d50a3a" className="HouseRepairMVC.Tests.Controllers.HouseConditionControllerIntegrationTests, HouseRepairMVC.Tests, Version=1.0.0.0, Culture=neutral, PublicKeyToken=null" name="TestEditRedisplayEditViewIfModelInvalid" />
    </UnitTest>
    <UnitTest name="TestDeleteView" storage="f:\semester 2\ead\mini-project\houserepairmvc\houserepairmvc.tests\bin\debug\houserepairmvc.tests.dll" id="134691e7-19af-8039-a18e-6b4af1a20f51">
      <Execution id="49a5e3b2-39ea-4249-9da0-098c8eff0b09" />
      <TestMethod codeBase="F:/Semester 2/EAD/Mini-project/HouseRepairMVC/HouseRepairMVC.Tests/bin/Debug/HouseRepairMVC.Tests.DLL" adapterTypeName="Microsoft.VisualStudio.TestTools.TestTypes.Unit.UnitTestAdapter, Microsoft.VisualStudio.QualityTools.Tips.UnitTest.Adapter, Version=10.0.0.0, Culture=neutral, PublicKeyToken=b03f5f7f11d50a3a" className="HouseRepairMVC.Tests.Controllers.HouseConditionControllerIntegrationTests, HouseRepairMVC.Tests, Version=1.0.0.0, Culture=neutral, PublicKeyToken=null" name="TestDeleteView" />
    </UnitTest>
    <UnitTest name="TestEditView" storage="f:\semester 2\ead\mini-project\houserepairmvc\houserepairmvc.tests\bin\debug\houserepairmvc.tests.dll" id="b90048fb-5405-1cba-f732-3eb6b0619f71">
      <Execution id="874b67b3-fa19-4822-bdb2-6b7ffd220cb3" />
      <TestMethod codeBase="F:/Semester 2/EAD/Mini-project/HouseRepairMVC/HouseRepairMVC.Tests/bin/Debug/HouseRepairMVC.Tests.DLL" adapterTypeName="Microsoft.VisualStudio.TestTools.TestTypes.Unit.UnitTestAdapter, Microsoft.VisualStudio.QualityTools.Tips.UnitTest.Adapter, Version=10.0.0.0, Culture=neutral, PublicKeyToken=b03f5f7f11d50a3a" className="HouseRepairMVC.Tests.Controllers.HouseConditionControllerIntegrationTests, HouseRepairMVC.Tests, Version=1.0.0.0, Culture=neutral, PublicKeyToken=null" name="TestEditView" />
    </UnitTest>
    <UnitTest name="Index" storage="f:\semester 2\ead\mini-project\houserepairmvc\houserepairmvc.tests\bin\debug\houserepairmvc.tests.dll" id="6829e5cc-1fc8-e53d-80b6-0f40a3e97825">
      <Execution id="65221617-1c7d-4495-aebc-ce1a4364a2dc" />
      <TestMethod codeBase="F:/Semester 2/EAD/Mini-project/HouseRepairMVC/HouseRepairMVC.Tests/bin/Debug/HouseRepairMVC.Tests.DLL" adapterTypeName="Microsoft.VisualStudio.TestTools.TestTypes.Unit.UnitTestAdapter, Microsoft.VisualStudio.QualityTools.Tips.UnitTest.Adapter, Version=10.0.0.0, Culture=neutral, PublicKeyToken=b03f5f7f11d50a3a" className="HouseRepairMVC.Tests.Controllers.HomeControllerTest, HouseRepairMVC.Tests, Version=1.0.0.0, Culture=neutral, PublicKeyToken=null" name="Index" />
    </UnitTest>
    <UnitTest name="TestCreateActionHouseNotAddedToDatabaseIfModelInvalid" storage="f:\semester 2\ead\mini-project\houserepairmvc\houserepairmvc.tests\bin\debug\houserepairmvc.tests.dll" id="7c816927-a580-4efe-72f6-a3d2ec27cd30">
      <Execution id="800d6ac0-8c68-433d-9c11-375fc40b25a6" />
      <TestMethod codeBase="F:/Semester 2/EAD/Mini-project/HouseRepairMVC/HouseRepairMVC.Tests/bin/Debug/HouseRepairMVC.Tests.DLL" adapterTypeName="Microsoft.VisualStudio.TestTools.TestTypes.Unit.UnitTestAdapter, Microsoft.VisualStudio.QualityTools.Tips.UnitTest.Adapter, Version=10.0.0.0, Culture=neutral, PublicKeyToken=b03f5f7f11d50a3a" className="HouseRepairMVC.Tests.Controllers.HouseConditionControllerIntegrationTests, HouseRepairMVC.Tests, Version=1.0.0.0, Culture=neutral, PublicKeyToken=null" name="TestCreateActionHouseNotAddedToDatabaseIfModelInvalid" />
    </UnitTest>
    <UnitTest name="About" storage="f:\semester 2\ead\mini-project\houserepairmvc\houserepairmvc.tests\bin\debug\houserepairmvc.tests.dll" id="9c5968b1-dbee-0b3e-d0c2-b88492dd3d9c">
      <Execution id="e270cc16-6783-4ee3-9661-8ed61a7a8513" />
      <TestMethod codeBase="F:/Semester 2/EAD/Mini-project/HouseRepairMVC/HouseRepairMVC.Tests/bin/Debug/HouseRepairMVC.Tests.DLL" adapterTypeName="Microsoft.VisualStudio.TestTools.TestTypes.Unit.UnitTestAdapter, Microsoft.VisualStudio.QualityTools.Tips.UnitTest.Adapter, Version=10.0.0.0, Culture=neutral, PublicKeyToken=b03f5f7f11d50a3a" className="HouseRepairMVC.Tests.Controllers.HomeControllerTest, HouseRepairMVC.Tests, Version=1.0.0.0, Culture=neutral, PublicKeyToken=null" name="About" />
    </UnitTest>
    <UnitTest name="TestDetailsView" storage="f:\semester 2\ead\mini-project\houserepairmvc\houserepairmvc.tests\bin\debug\houserepairmvc.tests.dll" id="8af38eb0-da42-d551-85c6-f0f409cc32a6">
      <Execution id="8a21656b-62af-4bcf-8e02-f14b0ac42030" />
      <TestMethod codeBase="F:/Semester 2/EAD/Mini-project/HouseRepairMVC/HouseRepairMVC.Tests/bin/Debug/HouseRepairMVC.Tests.DLL" adapterTypeName="Microsoft.VisualStudio.TestTools.TestTypes.Unit.UnitTestAdapter, Microsoft.VisualStudio.QualityTools.Tips.UnitTest.Adapter, Version=10.0.0.0, Culture=neutral, PublicKeyToken=b03f5f7f11d50a3a" className="HouseRepairMVC.Tests.Controllers.HouseConditionControllerIntegrationTests, HouseRepairMVC.Tests, Version=1.0.0.0, Culture=neutral, PublicKeyToken=null" name="TestDetailsView" />
    </UnitTest>
    <UnitTest name="TestDetailsReturnCorrectData" storage="f:\semester 2\ead\mini-project\houserepairmvc\houserepairmvc.tests\bin\debug\houserepairmvc.tests.dll" id="dba901b2-3905-de9c-b4c4-fbcfba89d9fc">
      <Execution id="386aa75a-8b68-4ac4-866f-9b176cc5848e" />
      <TestMethod codeBase="F:/Semester 2/EAD/Mini-project/HouseRepairMVC/HouseRepairMVC.Tests/bin/Debug/HouseRepairMVC.Tests.DLL" adapterTypeName="Microsoft.VisualStudio.TestTools.TestTypes.Unit.UnitTestAdapter, Microsoft.VisualStudio.QualityTools.Tips.UnitTest.Adapter, Version=10.0.0.0, Culture=neutral, PublicKeyToken=b03f5f7f11d50a3a" className="HouseRepairMVC.Tests.Controllers.HouseConditionControllerIntegrationTests, HouseRepairMVC.Tests, Version=1.0.0.0, Culture=neutral, PublicKeyToken=null" name="TestDetailsReturnCorrectData" />
    </UnitTest>
    <UnitTest name="TestCreateRedisplayCreateViewIfModelInvalid" storage="f:\semester 2\ead\mini-project\houserepairmvc\houserepairmvc.tests\bin\debug\houserepairmvc.tests.dll" id="c973b8ea-710a-c3ae-c4ac-c44bc3cccc32">
      <Execution id="2065856f-8176-4194-934c-d5c660dcc68d" />
      <TestMethod codeBase="F:/Semester 2/EAD/Mini-project/HouseRepairMVC/HouseRepairMVC.Tests/bin/Debug/HouseRepairMVC.Tests.DLL" adapterTypeName="Microsoft.VisualStudio.TestTools.TestTypes.Unit.UnitTestAdapter, Microsoft.VisualStudio.QualityTools.Tips.UnitTest.Adapter, Version=10.0.0.0, Culture=neutral, PublicKeyToken=b03f5f7f11d50a3a" className="HouseRepairMVC.Tests.Controllers.HouseConditionControllerIntegrationTests, HouseRepairMVC.Tests, Version=1.0.0.0, Culture=neutral, PublicKeyToken=null" name="TestCreateRedisplayCreateViewIfModelInvalid" />
    </UnitTest>
    <UnitTest name="TestEditRedirectIfModelValid" storage="f:\semester 2\ead\mini-project\houserepairmvc\houserepairmvc.tests\bin\debug\houserepairmvc.tests.dll" id="bc9bf212-b06c-8dd9-eaa4-58eb8a066a7f">
      <Execution id="c067c42a-0ace-4591-bf4e-4e702b0bd0b8" />
      <TestMethod codeBase="F:/Semester 2/EAD/Mini-project/HouseRepairMVC/HouseRepairMVC.Tests/bin/Debug/HouseRepairMVC.Tests.DLL" adapterTypeName="Microsoft.VisualStudio.TestTools.TestTypes.Unit.UnitTestAdapter, Microsoft.VisualStudio.QualityTools.Tips.UnitTest.Adapter, Version=10.0.0.0, Culture=neutral, PublicKeyToken=b03f5f7f11d50a3a" className="HouseRepairMVC.Tests.Controllers.HouseConditionControllerIntegrationTests, HouseRepairMVC.Tests, Version=1.0.0.0, Culture=neutral, PublicKeyToken=null" name="TestEditRedirectIfModelValid" />
    </UnitTest>
    <UnitTest name="TestDeleteConfirmedRedirectsToIndexAction" storage="f:\semester 2\ead\mini-project\houserepairmvc\houserepairmvc.tests\bin\debug\houserepairmvc.tests.dll" id="154cd9ee-0227-e59e-ddc3-ac9d77e93cc8">
      <Execution id="3f74ee95-54b7-4e3f-a556-06ee07508c6a" />
      <TestMethod codeBase="F:/Semester 2/EAD/Mini-project/HouseRepairMVC/HouseRepairMVC.Tests/bin/Debug/HouseRepairMVC.Tests.DLL" adapterTypeName="Microsoft.VisualStudio.TestTools.TestTypes.Unit.UnitTestAdapter, Microsoft.VisualStudio.QualityTools.Tips.UnitTest.Adapter, Version=10.0.0.0, Culture=neutral, PublicKeyToken=b03f5f7f11d50a3a" className="HouseRepairMVC.Tests.Controllers.HouseConditionControllerIntegrationTests, HouseRepairMVC.Tests, Version=1.0.0.0, Culture=neutral, PublicKeyToken=null" name="TestDeleteConfirmedRedirectsToIndexAction" />
    </UnitTest>
    <UnitTest name="TestCreateRedirectIfModelValid" storage="f:\semester 2\ead\mini-project\houserepairmvc\houserepairmvc.tests\bin\debug\houserepairmvc.tests.dll" id="e6df8fff-0208-e378-f87f-164c4833fc2a">
      <Execution id="25c17bfd-9d01-48ed-91cf-bb95fce8fe75" />
      <TestMethod codeBase="F:/Semester 2/EAD/Mini-project/HouseRepairMVC/HouseRepairMVC.Tests/bin/Debug/HouseRepairMVC.Tests.DLL" adapterTypeName="Microsoft.VisualStudio.TestTools.TestTypes.Unit.UnitTestAdapter, Microsoft.VisualStudio.QualityTools.Tips.UnitTest.Adapter, Version=10.0.0.0, Culture=neutral, PublicKeyToken=b03f5f7f11d50a3a" className="HouseRepairMVC.Tests.Controllers.HouseConditionControllerIntegrationTests, HouseRepairMVC.Tests, Version=1.0.0.0, Culture=neutral, PublicKeyToken=null" name="TestCreateRedirectIfModelValid" />
    </UnitTest>
  </TestDefinitions>
  <TestLists>
    <TestList name="Results Not in a List" id="8c84fa94-04c1-424b-9868-57a2d4851a1d" />
    <TestList name="All Loaded Results" id="19431567-8539-422a-85d7-44ee4e166bda" />
  </TestLists>
  <TestEntries>
    <TestEntry testId="134691e7-19af-8039-a18e-6b4af1a20f51" executionId="49a5e3b2-39ea-4249-9da0-098c8eff0b09" testListId="8c84fa94-04c1-424b-9868-57a2d4851a1d" />
    <TestEntry testId="154cd9ee-0227-e59e-ddc3-ac9d77e93cc8" executionId="3f74ee95-54b7-4e3f-a556-06ee07508c6a" testListId="8c84fa94-04c1-424b-9868-57a2d4851a1d" />
    <TestEntry testId="27f83c98-628f-bb79-faa3-2de0485b9b50" executionId="2a18fabd-61ef-4899-8f5c-9295d46b2395" testListId="8c84fa94-04c1-424b-9868-57a2d4851a1d" />
    <TestEntry testId="60d76e45-31a2-a9a8-fb86-ea985b4e34fc" executionId="71fa88bb-dac4-4763-8cf0-e32b45e8e79a" testListId="8c84fa94-04c1-424b-9868-57a2d4851a1d" />
    <TestEntry testId="6829e5cc-1fc8-e53d-80b6-0f40a3e97825" executionId="65221617-1c7d-4495-aebc-ce1a4364a2dc" testListId="8c84fa94-04c1-424b-9868-57a2d4851a1d" />
    <TestEntry testId="7c816927-a580-4efe-72f6-a3d2ec27cd30" executionId="800d6ac0-8c68-433d-9c11-375fc40b25a6" testListId="8c84fa94-04c1-424b-9868-57a2d4851a1d" />
    <TestEntry testId="85f3993f-0771-4488-53a0-74e4c57830d2" executionId="c6057315-75b8-49ad-b969-f7191dbd17a9" testListId="8c84fa94-04c1-424b-9868-57a2d4851a1d" />
    <TestEntry testId="8af38eb0-da42-d551-85c6-f0f409cc32a6" executionId="8a21656b-62af-4bcf-8e02-f14b0ac42030" testListId="8c84fa94-04c1-424b-9868-57a2d4851a1d" />
    <TestEntry testId="931d3e6c-d471-539b-7d5d-4bb6d53562d1" executionId="e9f4c03d-9ae8-4757-9137-83dd5622babf" testListId="8c84fa94-04c1-424b-9868-57a2d4851a1d" />
    <TestEntry testId="9c5968b1-dbee-0b3e-d0c2-b88492dd3d9c" executionId="e270cc16-6783-4ee3-9661-8ed61a7a8513" testListId="8c84fa94-04c1-424b-9868-57a2d4851a1d" />
    <TestEntry testId="b90048fb-5405-1cba-f732-3eb6b0619f71" executionId="874b67b3-fa19-4822-bdb2-6b7ffd220cb3" testListId="8c84fa94-04c1-424b-9868-57a2d4851a1d" />
    <TestEntry testId="bc9bf212-b06c-8dd9-eaa4-58eb8a066a7f" executionId="c067c42a-0ace-4591-bf4e-4e702b0bd0b8" testListId="8c84fa94-04c1-424b-9868-57a2d4851a1d" />
    <TestEntry testId="c973b8ea-710a-c3ae-c4ac-c44bc3cccc32" executionId="2065856f-8176-4194-934c-d5c660dcc68d" testListId="8c84fa94-04c1-424b-9868-57a2d4851a1d" />
    <TestEntry testId="dba901b2-3905-de9c-b4c4-fbcfba89d9fc" executionId="386aa75a-8b68-4ac4-866f-9b176cc5848e" testListId="8c84fa94-04c1-424b-9868-57a2d4851a1d" />
    <TestEntry testId="e6df8fff-0208-e378-f87f-164c4833fc2a" executionId="25c17bfd-9d01-48ed-91cf-bb95fce8fe75" testListId="8c84fa94-04c1-424b-9868-57a2d4851a1d" />
  </TestEntries>
  <Results>
    <UnitTestResult executionId="49a5e3b2-39ea-4249-9da0-098c8eff0b09" testId="134691e7-19af-8039-a18e-6b4af1a20f51" testName="TestDeleteView" computerName="OKEEMAN" duration="00:00:00.5498998" startTime="2012-11-28T16:32:11.5229489+00:00" endTime="2012-11-28T16:32:12.2729499+00:00" testType="13cdc9d9-ddb5-4fa4-a97d-d965ccfc6d4b" outcome="Passed" testListId="8c84fa94-04c1-424b-9868-57a2d4851a1d" relativeResultsDirectory="49a5e3b2-39ea-4249-9da0-098c8eff0b09">
    </UnitTestResult>
    <UnitTestResult executionId="3f74ee95-54b7-4e3f-a556-06ee07508c6a" testId="154cd9ee-0227-e59e-ddc3-ac9d77e93cc8" testName="TestDeleteConfirmedRedirectsToIndexAction" computerName="OKEEMAN" duration="00:00:00.5417114" startTime="2012-11-28T16:32:12.5229503+00:00" endTime="2012-11-28T16:32:13.0829511+00:00" testType="13cdc9d9-ddb5-4fa4-a97d-d965ccfc6d4b" outcome="Passed" testListId="8c84fa94-04c1-424b-9868-57a2d4851a1d" relativeResultsDirectory="3f74ee95-54b7-4e3f-a556-06ee07508c6a">
    </UnitTestResult>
    <UnitTestResult executionId="2a18fabd-61ef-4899-8f5c-9295d46b2395" testId="27f83c98-628f-bb79-faa3-2de0485b9b50" testName="TestDeleteConfirmedRemovesHouseFromDatabase" computerName="OKEEMAN" duration="00:00:00.4218772" startTime="2012-11-28T16:32:13.1229511+00:00" endTime="2012-11-28T16:32:13.5629517+00:00" testType="13cdc9d9-ddb5-4fa4-a97d-d965ccfc6d4b" outcome="Passed" testListId="8c84fa94-04c1-424b-9868-57a2d4851a1d" relativeResultsDirectory="2a18fabd-61ef-4899-8f5c-9295d46b2395">
    </UnitTestResult>
    <UnitTestResult executionId="71fa88bb-dac4-4763-8cf0-e32b45e8e79a" testId="60d76e45-31a2-a9a8-fb86-ea985b4e34fc" testName="TestCreateView" computerName="OKEEMAN" duration="00:00:00.0013354" startTime="2012-11-28T16:32:13.7629520+00:00" endTime="2012-11-28T16:32:13.7629520+00:00" testType="13cdc9d9-ddb5-4fa4-a97d-d965ccfc6d4b" outcome="Passed" testListId="8c84fa94-04c1-424b-9868-57a2d4851a1d" relativeResultsDirectory="71fa88bb-dac4-4763-8cf0-e32b45e8e79a">
    </UnitTestResult>
    <UnitTestResult executionId="65221617-1c7d-4495-aebc-ce1a4364a2dc" testId="6829e5cc-1fc8-e53d-80b6-0f40a3e97825" testName="Index" computerName="OKEEMAN" duration="00:00:00.0222686" startTime="2012-11-28T16:32:13.9329523+00:00" endTime="2012-11-28T16:32:13.9629523+00:00" testType="13cdc9d9-ddb5-4fa4-a97d-d965ccfc6d4b" outcome="Failed" testListId="8c84fa94-04c1-424b-9868-57a2d4851a1d" relativeResultsDirectory="65221617-1c7d-4495-aebc-ce1a4364a2dc">
      <Output>
        <ErrorInfo>
          <Message>Test method HouseRepairMVC.Tests.Controllers.HomeControllerTest.Index threw exception: 
System.NullReferenceException: Object reference not set to an instance of an object.</Message>
          <StackTrace>    at HouseRepairMVC.Tests.Controllers.HomeControllerTest.Index() in F:\Semester 2\EAD\Mini-project\HouseRepairMVC\HouseRepairMVC.Tests\Controllers\HomeControllerTest.cs:line 25
</StackTrace>
        </ErrorInfo>
      </Output>
    </UnitTestResult>
    <UnitTestResult executionId="800d6ac0-8c68-433d-9c11-375fc40b25a6" testId="7c816927-a580-4efe-72f6-a3d2ec27cd30" testName="TestCreateActionHouseNotAddedToDatabaseIfModelInvalid" computerName="OKEEMAN" duration="00:00:00.2100339" startTime="2012-11-28T16:32:14.8629536+00:00" endTime="2012-11-28T16:32:15.0829539+00:00" testType="13cdc9d9-ddb5-4fa4-a97d-d965ccfc6d4b" outcome="Passed" testListId="8c84fa94-04c1-424b-9868-57a2d4851a1d" relativeResultsDirectory="800d6ac0-8c68-433d-9c11-375fc40b25a6">
    </UnitTestResult>
    <UnitTestResult executionId="c6057315-75b8-49ad-b969-f7191dbd17a9" testId="85f3993f-0771-4488-53a0-74e4c57830d2" testName="TestIndexView" computerName="OKEEMAN" duration="00:00:00.0558269" startTime="2012-11-28T16:32:16.3929557+00:00" endTime="2012-11-28T16:32:16.4629558+00:00" testType="13cdc9d9-ddb5-4fa4-a97d-d965ccfc6d4b" outcome="Passed" testListId="8c84fa94-04c1-424b-9868-57a2d4851a1d" relativeResultsDirectory="c6057315-75b8-49ad-b969-f7191dbd17a9">
    </UnitTestResult>
    <UnitTestResult executionId="8a21656b-62af-4bcf-8e02-f14b0ac42030" testId="8af38eb0-da42-d551-85c6-f0f409cc32a6" testName="TestDetailsView" computerName="OKEEMAN" duration="00:00:00.6231006" startTime="2012-11-28T16:32:18.7729590+00:00" endTime="2012-11-28T16:32:19.3929599+00:00" testType="13cdc9d9-ddb5-4fa4-a97d-d965ccfc6d4b" outcome="Failed" testListId="8c84fa94-04c1-424b-9868-57a2d4851a1d" relativeResultsDirectory="8a21656b-62af-4bcf-8e02-f14b0ac42030">
      <Output>
        <ErrorInfo>
          <Message>Test method HouseRepairMVC.Tests.Controllers.HouseConditionControllerIntegrationTests.TestDetailsView threw exception: 
System.InvalidOperationException: Sequence contains no elements</Message>
          <StackTrace>    at System.Linq.Enumerable.Single[TSource](IEnumerable`1 source)
   at System.Data.Objects.ELinq.ObjectQueryProvider.&lt;GetElementFunction&gt;b__3[TResult](IEnumerable`1 sequence)
   at System.Data.Objects.ELinq.ObjectQueryProvider.ExecuteSingle[TResult](IEnumerable`1 query, Expression queryRoot)
   at System.Data.Objects.ELinq.ObjectQueryProvider.System.Linq.IQueryProvider.Execute[S](Expression expression)
   at System.Linq.Queryable.Single[TSource](IQueryable`1 source, Expression`1 predicate)
   at HouseRepairMVC.Controllers.HouseConditionController.Details(Int32 id) in F:\Semester 2\EAD\Mini-project\HouseRepairMVC\HouseRepairMVC\Controllers\HouseConditionController.cs:line 30
   at HouseRepairMVC.Tests.Controllers.HouseConditionControllerIntegrationTests.TestDetailsView() in F:\Semester 2\EAD\Mini-project\HouseRepairMVC\HouseRepairMVC.Tests\Controllers\HouseConditionControllerIntegrationTests.cs:line 36
</StackTrace>
        </ErrorInfo>
      </Output>
    </UnitTestResult>
    <UnitTestResult executionId="e9f4c03d-9ae8-4757-9137-83dd5622babf" testId="931d3e6c-d471-539b-7d5d-4bb6d53562d1" testName="TestEditRedisplayEditViewIfModelInvalid" computerName="OKEEMAN" duration="00:00:00.0188021" startTime="2012-11-28T16:32:19.7329604+00:00" endTime="2012-11-28T16:32:19.7629604+00:00" testType="13cdc9d9-ddb5-4fa4-a97d-d965ccfc6d4b" outcome="Failed" testListId="8c84fa94-04c1-424b-9868-57a2d4851a1d" relativeResultsDirectory="e9f4c03d-9ae8-4757-9137-83dd5622babf">
      <Output>
        <ErrorInfo>
          <Message>Test method HouseRepairMVC.Tests.Controllers.HouseConditionControllerIntegrationTests.TestEditRedisplayEditViewIfModelInvalid threw exception: 
System.NullReferenceException: Object reference not set to an instance of an object.</Message>
          <StackTrace>    at HouseRepairMVC.Controllers.HouseConditionController.Edit(House house) in F:\Semester 2\EAD\Mini-project\HouseRepairMVC\HouseRepairMVC\Controllers\HouseConditionController.cs:line 97
   at HouseRepairMVC.Tests.Controllers.HouseConditionControllerIntegrationTests.TestEditRedisplayEditViewIfModelInvalid() in F:\Semester 2\EAD\Mini-project\HouseRepairMVC\HouseRepairMVC.Tests\Controllers\HouseConditionControllerIntegrationTests.cs:line 158
</StackTrace>
        </ErrorInfo>
      </Output>
    </UnitTestResult>
    <UnitTestResult executionId="e270cc16-6783-4ee3-9661-8ed61a7a8513" testId="9c5968b1-dbee-0b3e-d0c2-b88492dd3d9c" testName="About" computerName="OKEEMAN" duration="00:00:00.0007285" startTime="2012-11-28T16:32:19.7829605+00:00" endTime="2012-11-28T16:32:19.7829605+00:00" testType="13cdc9d9-ddb5-4fa4-a97d-d965ccfc6d4b" outcome="Passed" testListId="8c84fa94-04c1-424b-9868-57a2d4851a1d" relativeResultsDirectory="e270cc16-6783-4ee3-9661-8ed61a7a8513">
    </UnitTestResult>
    <UnitTestResult executionId="874b67b3-fa19-4822-bdb2-6b7ffd220cb3" testId="b90048fb-5405-1cba-f732-3eb6b0619f71" testName="TestEditView" computerName="OKEEMAN" duration="00:00:00.0500868" startTime="2012-11-28T16:32:19.8029605+00:00" endTime="2012-11-28T16:32:19.8529605+00:00" testType="13cdc9d9-ddb5-4fa4-a97d-d965ccfc6d4b" outcome="Failed" testListId="8c84fa94-04c1-424b-9868-57a2d4851a1d" relativeResultsDirectory="874b67b3-fa19-4822-bdb2-6b7ffd220cb3">
      <Output>
        <ErrorInfo>
          <Message>Test method HouseRepairMVC.Tests.Controllers.HouseConditionControllerIntegrationTests.TestEditView threw exception: 
System.InvalidOperationException: Sequence contains no elements</Message>
          <StackTrace>    at System.Linq.Enumerable.Single[TSource](IEnumerable`1 source)
   at System.Data.Objects.ELinq.ObjectQueryProvider.&lt;GetElementFunction&gt;b__3[TResult](IEnumerable`1 sequence)
   at System.Data.Objects.ELinq.ObjectQueryProvider.ExecuteSingle[TResult](IEnumerable`1 query, Expression queryRoot)
   at System.Data.Objects.ELinq.ObjectQueryProvider.System.Linq.IQueryProvider.Execute[S](Expression expression)
   at System.Linq.Queryable.Single[TSource](IQueryable`1 source, Expression`1 predicate)
   at HouseRepairMVC.Controllers.HouseConditionController.Edit(Int32 id) in F:\Semester 2\EAD\Mini-project\HouseRepairMVC\HouseRepairMVC\Controllers\HouseConditionController.cs:line 88
   at HouseRepairMVC.Tests.Controllers.HouseConditionControllerIntegrationTests.TestEditView() in F:\Semester 2\EAD\Mini-project\HouseRepairMVC\HouseRepairMVC.Tests\Controllers\HouseConditionControllerIntegrationTests.cs:line 115
</StackTrace>
        </ErrorInfo>
      </Output>
    </UnitTestResult>
    <UnitTestResult executionId="c067c42a-0ace-4591-bf4e-4e702b0bd0b8" testId="bc9bf212-b06c-8dd9-eaa4-58eb8a066a7f" testName="TestEditRedirectIfModelValid" computerName="OKEEMAN" duration="00:00:00.4425638" startTime="2012-11-28T16:32:19.8829606+00:00" endTime="2012-11-28T16:32:20.3229612+00:00" testType="13cdc9d9-ddb5-4fa4-a97d-d965ccfc6d4b" outcome="Passed" testListId="8c84fa94-04c1-424b-9868-57a2d4851a1d" relativeResultsDirectory="c067c42a-0ace-4591-bf4e-4e702b0bd0b8">
    </UnitTestResult>
    <UnitTestResult executionId="2065856f-8176-4194-934c-d5c660dcc68d" testId="c973b8ea-710a-c3ae-c4ac-c44bc3cccc32" testName="TestCreateRedisplayCreateViewIfModelInvalid" computerName="OKEEMAN" duration="00:00:00.1957634" startTime="2012-11-28T16:32:20.5029615+00:00" endTime="2012-11-28T16:32:20.7129618+00:00" testType="13cdc9d9-ddb5-4fa4-a97d-d965ccfc6d4b" outcome="Passed" testListId="8c84fa94-04c1-424b-9868-57a2d4851a1d" relativeResultsDirectory="2065856f-8176-4194-934c-d5c660dcc68d">
    </UnitTestResult>
    <UnitTestResult executionId="386aa75a-8b68-4ac4-866f-9b176cc5848e" testId="dba901b2-3905-de9c-b4c4-fbcfba89d9fc" testName="TestDetailsReturnCorrectData" computerName="OKEEMAN" duration="00:00:00.2379363" startTime="2012-11-28T16:32:20.7529618+00:00" endTime="2012-11-28T16:32:21.0029622+00:00" testType="13cdc9d9-ddb5-4fa4-a97d-d965ccfc6d4b" outcome="Failed" testListId="8c84fa94-04c1-424b-9868-57a2d4851a1d" relativeResultsDirectory="386aa75a-8b68-4ac4-866f-9b176cc5848e">
      <Output>
        <ErrorInfo>
          <Message>Test method HouseRepairMVC.Tests.Controllers.HouseConditionControllerIntegrationTests.TestDetailsReturnCorrectData threw exception: 
System.InvalidOperationException: Sequence contains no elements</Message>
          <StackTrace>    at System.Linq.Enumerable.Single[TSource](IEnumerable`1 source)
   at System.Data.Objects.ELinq.ObjectQueryProvider.&lt;GetElementFunction&gt;b__3[TResult](IEnumerable`1 sequence)
   at System.Data.Objects.ELinq.ObjectQueryProvider.ExecuteSingle[TResult](IEnumerable`1 query, Expression queryRoot)
   at System.Data.Objects.ELinq.ObjectQueryProvider.System.Linq.IQueryProvider.Execute[S](Expression expression)
   at System.Linq.Queryable.Single[TSource](IQueryable`1 source, Expression`1 predicate)
   at HouseRepairMVC.Controllers.HouseConditionController.Details(Int32 id) in F:\Semester 2\EAD\Mini-project\HouseRepairMVC\HouseRepairMVC\Controllers\HouseConditionController.cs:line 30
   at HouseRepairMVC.Tests.Controllers.HouseConditionControllerIntegrationTests.TestDetailsReturnCorrectData() in F:\Semester 2\EAD\Mini-project\HouseRepairMVC\HouseRepairMVC.Tests\Controllers\HouseConditionControllerIntegrationTests.cs:line 44
</StackTrace>
        </ErrorInfo>
      </Output>
    </UnitTestResult>
    <UnitTestResult executionId="25c17bfd-9d01-48ed-91cf-bb95fce8fe75" testId="e6df8fff-0208-e378-f87f-164c4833fc2a" testName="TestCreateRedirectIfModelValid" computerName="OKEEMAN" duration="00:00:00.3995460" startTime="2012-11-28T16:32:21.0229622+00:00" endTime="2012-11-28T16:32:21.4229627+00:00" testType="13cdc9d9-ddb5-4fa4-a97d-d965ccfc6d4b" outcome="Passed" testListId="8c84fa94-04c1-424b-9868-57a2d4851a1d" relativeResultsDirectory="25c17bfd-9d01-48ed-91cf-bb95fce8fe75">
    </UnitTestResult>
  </Results>
</TestRun>